running develop
running egg_info
creating smartnav_core.egg-info
writing smartnav_core.egg-info/PKG-INFO
writing dependency_links to smartnav_core.egg-info/dependency_links.txt
writing entry points to smartnav_core.egg-info/entry_points.txt
writing requirements to smartnav_core.egg-info/requires.txt
writing top-level names to smartnav_core.egg-info/top_level.txt
writing manifest file 'smartnav_core.egg-info/SOURCES.txt'
reading manifest file 'smartnav_core.egg-info/SOURCES.txt'
writing manifest file 'smartnav_core.egg-info/SOURCES.txt'
running build_ext
Creating /home/info/smartnav_ws/install/smartnav_core/lib/python3.12/site-packages/smartnav-core.egg-link (link to .)
Installing battery_simulator script to /home/info/smartnav_ws/install/smartnav_core/lib/smartnav_core
Installing canne_feedback script to /home/info/smartnav_ws/install/smartnav_core/lib/smartnav_core
Installing cmd_vel_relay script to /home/info/smartnav_ws/install/smartnav_core/lib/smartnav_core
Installing crossing_monitor script to /home/info/smartnav_ws/install/smartnav_core/lib/smartnav_core
Installing metrics_recorder script to /home/info/smartnav_ws/install/smartnav_core/lib/smartnav_core
Installing obstacle_detector script to /home/info/smartnav_ws/install/smartnav_core/lib/smartnav_core
Installing patrol script to /home/info/smartnav_ws/install/smartnav_core/lib/smartnav_core
Installing rviz_alert_node script to /home/info/smartnav_ws/install/smartnav_core/lib/smartnav_core
Installing smartnav_navigator script to /home/info/smartnav_ws/install/smartnav_core/lib/smartnav_core

Installed /home/info/smartnav_ws/build/smartnav_core
running symlink_data
creating /home/info/smartnav_ws/install/smartnav_core/share/ament_index
creating /home/info/smartnav_ws/install/smartnav_core/share/ament_index/resource_index
creating /home/info/smartnav_ws/install/smartnav_core/share/ament_index/resource_index/packages
symbolically linking /home/info/smartnav_ws/build/smartnav_core/resource/smartnav_core -> /home/info/smartnav_ws/install/smartnav_core/share/ament_index/resource_index/packages
symbolically linking /home/info/smartnav_ws/build/smartnav_core/package.xml -> /home/info/smartnav_ws/install/smartnav_core/share/smartnav_core
creating /home/info/smartnav_ws/install/smartnav_core/share/smartnav_core/launch
symbolically linking /home/info/smartnav_ws/build/smartnav_core/launch/start_simulation.launch.py -> /home/info/smartnav_ws/install/smartnav_core/share/smartnav_core/launch
creating /home/info/smartnav_ws/install/smartnav_core/share/smartnav_core/config
symbolically linking /home/info/smartnav_ws/build/smartnav_core/config/smartnav_params.yaml -> /home/info/smartnav_ws/install/smartnav_core/share/smartnav_core/config
