[5.096s] DEBUG:colcon:Command line arguments: ['/usr/bin/colcon', 'build', '--symlink-install']
[5.098s] DEBUG:colcon:Parsed command line arguments: Namespace(log_base=None, log_level=None, verb_name='build', build_base='build', install_base='install', merge_install=False, symlink_install=True, test_result_base=None, continue_on_error=False, executor='parallel', parallel_workers=4, event_handlers=None, ignore_user_meta=False, metas=['./colcon.meta'], base_paths=['.'], packages_ignore=None, packages_ignore_regex=None, paths=None, packages_up_to=None, packages_up_to_regex=None, packages_above=None, packages_above_and_dependencies=None, packages_above_depth=None, packages_select_by_dep=None, packages_skip_by_dep=None, packages_skip_up_to=None, packages_select_build_failed=False, packages_skip_build_finished=False, packages_select_test_failures=False, packages_skip_test_passed=False, packages_select=None, packages_skip=None, packages_select_regex=None, packages_skip_regex=None, packages_start=None, packages_end=None, allow_overriding=[], cmake_args=None, cmake_target=None, cmake_target_skip_unavailable=False, cmake_clean_cache=False, cmake_clean_first=False, cmake_force_configure=False, ament_cmake_args=None, catkin_cmake_args=None, catkin_skip_building_tests=False, verb_parser=<colcon_defaults.argument_parser.defaults.DefaultArgumentsDecorator object at 0x7fbf0a2caa80>, verb_extension=<colcon_core.verb.build.BuildVerb object at 0x7fbf0a41f530>, main=<bound method BuildVerb.main of <colcon_core.verb.build.BuildVerb object at 0x7fbf0a41f530>>)
[6.577s] Level 1:colcon.colcon_core.package_discovery:discover_packages(colcon_meta) check parameters
[6.578s] Level 1:colcon.colcon_core.package_discovery:discover_packages(recursive) check parameters
[6.578s] Level 1:colcon.colcon_core.package_discovery:discover_packages(ignore) check parameters
[6.578s] Level 1:colcon.colcon_core.package_discovery:discover_packages(path) check parameters
[6.578s] Level 1:colcon.colcon_core.package_discovery:discover_packages(colcon_meta) discover
[6.578s] Level 1:colcon.colcon_core.package_discovery:discover_packages(recursive) discover
[6.579s] INFO:colcon.colcon_core.package_discovery:Crawling recursively for packages in '/home/info/smartnav_ws'
[6.579s] Level 1:colcon.colcon_core.package_identification:_identify(.) by extensions ['ignore', 'ignore_ament_install']
[6.579s] Level 1:colcon.colcon_core.package_identification:_identify(.) by extension 'ignore'
[6.580s] Level 1:colcon.colcon_core.package_identification:_identify(.) by extension 'ignore_ament_install'
[6.581s] Level 1:colcon.colcon_core.package_identification:_identify(.) by extensions ['colcon_pkg']
[6.581s] Level 1:colcon.colcon_core.package_identification:_identify(.) by extension 'colcon_pkg'
[6.581s] Level 1:colcon.colcon_core.package_identification:_identify(.) by extensions ['colcon_meta']
[6.581s] Level 1:colcon.colcon_core.package_identification:_identify(.) by extension 'colcon_meta'
[6.581s] Level 1:colcon.colcon_core.package_identification:_identify(.) by extensions ['ros']
[6.581s] Level 1:colcon.colcon_core.package_identification:_identify(.) by extension 'ros'
[7.064s] Level 1:colcon.colcon_core.package_identification:_identify(.) by extensions ['cmake', 'python']
[7.064s] Level 1:colcon.colcon_core.package_identification:_identify(.) by extension 'cmake'
[7.064s] Level 1:colcon.colcon_core.package_identification:_identify(.) by extension 'python'
[7.064s] Level 1:colcon.colcon_core.package_identification:_identify(.) by extensions ['python_setup_py']
[7.064s] Level 1:colcon.colcon_core.package_identification:_identify(.) by extension 'python_setup_py'
[7.065s] Level 1:colcon.colcon_core.package_identification:_identify(build) by extensions ['ignore', 'ignore_ament_install']
[7.065s] Level 1:colcon.colcon_core.package_identification:_identify(build) by extension 'ignore'
[7.065s] Level 1:colcon.colcon_core.package_identification:_identify(build) ignored
[7.065s] Level 1:colcon.colcon_core.package_identification:_identify(install) by extensions ['ignore', 'ignore_ament_install']
[7.066s] Level 1:colcon.colcon_core.package_identification:_identify(install) by extension 'ignore'
[7.066s] Level 1:colcon.colcon_core.package_identification:_identify(install) ignored
[7.066s] Level 1:colcon.colcon_core.package_identification:_identify(log) by extensions ['ignore', 'ignore_ament_install']
[7.067s] Level 1:colcon.colcon_core.package_identification:_identify(log) by extension 'ignore'
[7.067s] Level 1:colcon.colcon_core.package_identification:_identify(log) ignored
[7.067s] Level 1:colcon.colcon_core.package_identification:_identify(src) by extensions ['ignore', 'ignore_ament_install']
[7.068s] Level 1:colcon.colcon_core.package_identification:_identify(src) by extension 'ignore'
[7.068s] Level 1:colcon.colcon_core.package_identification:_identify(src) by extension 'ignore_ament_install'
[7.069s] Level 1:colcon.colcon_core.package_identification:_identify(src) by extensions ['colcon_pkg']
[7.069s] Level 1:colcon.colcon_core.package_identification:_identify(src) by extension 'colcon_pkg'
[7.069s] Level 1:colcon.colcon_core.package_identification:_identify(src) by extensions ['colcon_meta']
[7.070s] Level 1:colcon.colcon_core.package_identification:_identify(src) by extension 'colcon_meta'
[7.070s] Level 1:colcon.colcon_core.package_identification:_identify(src) by extensions ['ros']
[7.070s] Level 1:colcon.colcon_core.package_identification:_identify(src) by extension 'ros'
[7.071s] Level 1:colcon.colcon_core.package_identification:_identify(src) by extensions ['cmake', 'python']
[7.071s] Level 1:colcon.colcon_core.package_identification:_identify(src) by extension 'cmake'
[7.072s] Level 1:colcon.colcon_core.package_identification:_identify(src) by extension 'python'
[7.072s] Level 1:colcon.colcon_core.package_identification:_identify(src) by extensions ['python_setup_py']
[7.072s] Level 1:colcon.colcon_core.package_identification:_identify(src) by extension 'python_setup_py'
[7.073s] Level 1:colcon.colcon_core.package_identification:_identify(src/smartnav_core) by extensions ['ignore', 'ignore_ament_install']
[7.073s] Level 1:colcon.colcon_core.package_identification:_identify(src/smartnav_core) by extension 'ignore'
[7.073s] Level 1:colcon.colcon_core.package_identification:_identify(src/smartnav_core) by extension 'ignore_ament_install'
[7.074s] Level 1:colcon.colcon_core.package_identification:_identify(src/smartnav_core) by extensions ['colcon_pkg']
[7.074s] Level 1:colcon.colcon_core.package_identification:_identify(src/smartnav_core) by extension 'colcon_pkg'
[7.084s] Level 1:colcon.colcon_core.package_identification:_identify(src/smartnav_core) by extensions ['colcon_meta']
[7.084s] Level 1:colcon.colcon_core.package_identification:_identify(src/smartnav_core) by extension 'colcon_meta'
[7.084s] Level 1:colcon.colcon_core.package_identification:_identify(src/smartnav_core) by extensions ['ros']
[7.084s] Level 1:colcon.colcon_core.package_identification:_identify(src/smartnav_core) by extension 'ros'
[7.116s] DEBUG:colcon.colcon_core.package_identification:Package 'src/smartnav_core' with type 'ros.ament_python' and name 'smartnav_core'
[7.117s] Level 1:colcon.colcon_core.package_identification:_identify(src/smartnav_description) by extensions ['ignore', 'ignore_ament_install']
[7.117s] Level 1:colcon.colcon_core.package_identification:_identify(src/smartnav_description) by extension 'ignore'
[7.117s] Level 1:colcon.colcon_core.package_identification:_identify(src/smartnav_description) by extension 'ignore_ament_install'
[7.117s] Level 1:colcon.colcon_core.package_identification:_identify(src/smartnav_description) by extensions ['colcon_pkg']
[7.117s] Level 1:colcon.colcon_core.package_identification:_identify(src/smartnav_description) by extension 'colcon_pkg'
[7.119s] Level 1:colcon.colcon_core.package_identification:_identify(src/smartnav_description) by extensions ['colcon_meta']
[7.119s] Level 1:colcon.colcon_core.package_identification:_identify(src/smartnav_description) by extension 'colcon_meta'
[7.120s] Level 1:colcon.colcon_core.package_identification:_identify(src/smartnav_description) by extensions ['ros']
[7.120s] Level 1:colcon.colcon_core.package_identification:_identify(src/smartnav_description) by extension 'ros'
[7.124s] DEBUG:colcon.colcon_core.package_identification:Package 'src/smartnav_description' with type 'ros.ament_cmake' and name 'smartnav_description'
[7.125s] Level 1:colcon.colcon_core.package_identification:_identify(src/smartnav_gazebo) by extensions ['ignore', 'ignore_ament_install']
[7.125s] Level 1:colcon.colcon_core.package_identification:_identify(src/smartnav_gazebo) by extension 'ignore'
[7.125s] Level 1:colcon.colcon_core.package_identification:_identify(src/smartnav_gazebo) by extension 'ignore_ament_install'
[7.125s] Level 1:colcon.colcon_core.package_identification:_identify(src/smartnav_gazebo) by extensions ['colcon_pkg']
[7.126s] Level 1:colcon.colcon_core.package_identification:_identify(src/smartnav_gazebo) by extension 'colcon_pkg'
[7.126s] Level 1:colcon.colcon_core.package_identification:_identify(src/smartnav_gazebo) by extensions ['colcon_meta']
[7.126s] Level 1:colcon.colcon_core.package_identification:_identify(src/smartnav_gazebo) by extension 'colcon_meta'
[7.126s] Level 1:colcon.colcon_core.package_identification:_identify(src/smartnav_gazebo) by extensions ['ros']
[7.126s] Level 1:colcon.colcon_core.package_identification:_identify(src/smartnav_gazebo) by extension 'ros'
[7.137s] DEBUG:colcon.colcon_core.package_identification:Package 'src/smartnav_gazebo' with type 'ros.ament_cmake' and name 'smartnav_gazebo'
[7.137s] Level 1:colcon.colcon_core.package_discovery:discover_packages(recursive) using defaults
[7.138s] Level 1:colcon.colcon_core.package_discovery:discover_packages(ignore) discover
[7.138s] Level 1:colcon.colcon_core.package_discovery:discover_packages(ignore) using defaults
[7.138s] Level 1:colcon.colcon_core.package_discovery:discover_packages(path) discover
[7.138s] Level 1:colcon.colcon_core.package_discovery:discover_packages(path) using defaults
[7.631s] Level 1:colcon.colcon_core.package_discovery:discover_packages(prefix_path) check parameters
[7.631s] Level 1:colcon.colcon_core.package_discovery:discover_packages(prefix_path) discover
[7.652s] WARNING:colcon.colcon_core.prefix_path.colcon:The path '/home/info/smartnav_ws/src/install' in the environment variable COLCON_PREFIX_PATH doesn't exist
[7.653s] WARNING:colcon.colcon_ros.prefix_path.ament:The path '/home/info/smartnav_ws/src/install/smartnav_gazebo' in the environment variable AMENT_PREFIX_PATH doesn't exist
[7.653s] WARNING:colcon.colcon_ros.prefix_path.ament:The path '/home/info/smartnav_ws/src/install/smartnav_description' in the environment variable AMENT_PREFIX_PATH doesn't exist
[7.654s] WARNING:colcon.colcon_ros.prefix_path.ament:The path '/home/info/smartnav_ws/src/install/smartnav_core' in the environment variable AMENT_PREFIX_PATH doesn't exist
[7.659s] WARNING:colcon.colcon_ros.prefix_path.catkin:The path '/home/info/smartnav_ws/src/install/smartnav_gazebo' in the environment variable CMAKE_PREFIX_PATH doesn't exist
[7.659s] WARNING:colcon.colcon_ros.prefix_path.catkin:The path '/home/info/smartnav_ws/src/install/smartnav_description' in the environment variable CMAKE_PREFIX_PATH doesn't exist
[7.683s] DEBUG:colcon.colcon_installed_package_information.package_discovery:Found 317 installed packages in /opt/ros/jazzy
[7.710s] Level 1:colcon.colcon_core.package_discovery:discover_packages(prefix_path) using defaults
[9.232s] Level 5:colcon.colcon_core.verb:set package 'smartnav_core' build argument 'cmake_args' from command line to 'None'
[9.232s] Level 5:colcon.colcon_core.verb:set package 'smartnav_core' build argument 'cmake_target' from command line to 'None'
[9.234s] Level 5:colcon.colcon_core.verb:set package 'smartnav_core' build argument 'cmake_target_skip_unavailable' from command line to 'False'
[9.234s] Level 5:colcon.colcon_core.verb:set package 'smartnav_core' build argument 'cmake_clean_cache' from command line to 'False'
[9.234s] Level 5:colcon.colcon_core.verb:set package 'smartnav_core' build argument 'cmake_clean_first' from command line to 'False'
[9.234s] Level 5:colcon.colcon_core.verb:set package 'smartnav_core' build argument 'cmake_force_configure' from command line to 'False'
[9.234s] Level 5:colcon.colcon_core.verb:set package 'smartnav_core' build argument 'ament_cmake_args' from command line to 'None'
[9.234s] Level 5:colcon.colcon_core.verb:set package 'smartnav_core' build argument 'catkin_cmake_args' from command line to 'None'
[9.234s] Level 5:colcon.colcon_core.verb:set package 'smartnav_core' build argument 'catkin_skip_building_tests' from command line to 'False'
[9.234s] DEBUG:colcon.colcon_core.verb:Building package 'smartnav_core' with the following arguments: {'ament_cmake_args': None, 'build_base': '/home/info/smartnav_ws/build/smartnav_core', 'catkin_cmake_args': None, 'catkin_skip_building_tests': False, 'cmake_args': None, 'cmake_clean_cache': False, 'cmake_clean_first': False, 'cmake_force_configure': False, 'cmake_target': None, 'cmake_target_skip_unavailable': False, 'install_base': '/home/info/smartnav_ws/install/smartnav_core', 'merge_install': False, 'path': '/home/info/smartnav_ws/src/smartnav_core', 'symlink_install': True, 'test_result_base': None}
[9.243s] Level 5:colcon.colcon_core.verb:set package 'smartnav_description' build argument 'cmake_args' from command line to 'None'
[9.244s] Level 5:colcon.colcon_core.verb:set package 'smartnav_description' build argument 'cmake_target' from command line to 'None'
[9.244s] Level 5:colcon.colcon_core.verb:set package 'smartnav_description' build argument 'cmake_target_skip_unavailable' from command line to 'False'
[9.244s] Level 5:colcon.colcon_core.verb:set package 'smartnav_description' build argument 'cmake_clean_cache' from command line to 'False'
[9.244s] Level 5:colcon.colcon_core.verb:set package 'smartnav_description' build argument 'cmake_clean_first' from command line to 'False'
[9.244s] Level 5:colcon.colcon_core.verb:set package 'smartnav_description' build argument 'cmake_force_configure' from command line to 'False'
[9.244s] Level 5:colcon.colcon_core.verb:set package 'smartnav_description' build argument 'ament_cmake_args' from command line to 'None'
[9.244s] Level 5:colcon.colcon_core.verb:set package 'smartnav_description' build argument 'catkin_cmake_args' from command line to 'None'
[9.244s] Level 5:colcon.colcon_core.verb:set package 'smartnav_description' build argument 'catkin_skip_building_tests' from command line to 'False'
[9.244s] DEBUG:colcon.colcon_core.verb:Building package 'smartnav_description' with the following arguments: {'ament_cmake_args': None, 'build_base': '/home/info/smartnav_ws/build/smartnav_description', 'catkin_cmake_args': None, 'catkin_skip_building_tests': False, 'cmake_args': None, 'cmake_clean_cache': False, 'cmake_clean_first': False, 'cmake_force_configure': False, 'cmake_target': None, 'cmake_target_skip_unavailable': False, 'install_base': '/home/info/smartnav_ws/install/smartnav_description', 'merge_install': False, 'path': '/home/info/smartnav_ws/src/smartnav_description', 'symlink_install': True, 'test_result_base': None}
[9.245s] Level 5:colcon.colcon_core.verb:set package 'smartnav_gazebo' build argument 'cmake_args' from command line to 'None'
[9.245s] Level 5:colcon.colcon_core.verb:set package 'smartnav_gazebo' build argument 'cmake_target' from command line to 'None'
[9.245s] Level 5:colcon.colcon_core.verb:set package 'smartnav_gazebo' build argument 'cmake_target_skip_unavailable' from command line to 'False'
[9.245s] Level 5:colcon.colcon_core.verb:set package 'smartnav_gazebo' build argument 'cmake_clean_cache' from command line to 'False'
[9.245s] Level 5:colcon.colcon_core.verb:set package 'smartnav_gazebo' build argument 'cmake_clean_first' from command line to 'False'
[9.245s] Level 5:colcon.colcon_core.verb:set package 'smartnav_gazebo' build argument 'cmake_force_configure' from command line to 'False'
[9.245s] Level 5:colcon.colcon_core.verb:set package 'smartnav_gazebo' build argument 'ament_cmake_args' from command line to 'None'
[9.246s] Level 5:colcon.colcon_core.verb:set package 'smartnav_gazebo' build argument 'catkin_cmake_args' from command line to 'None'
[9.246s] Level 5:colcon.colcon_core.verb:set package 'smartnav_gazebo' build argument 'catkin_skip_building_tests' from command line to 'False'
[9.246s] DEBUG:colcon.colcon_core.verb:Building package 'smartnav_gazebo' with the following arguments: {'ament_cmake_args': None, 'build_base': '/home/info/smartnav_ws/build/smartnav_gazebo', 'catkin_cmake_args': None, 'catkin_skip_building_tests': False, 'cmake_args': None, 'cmake_clean_cache': False, 'cmake_clean_first': False, 'cmake_force_configure': False, 'cmake_target': None, 'cmake_target_skip_unavailable': False, 'install_base': '/home/info/smartnav_ws/install/smartnav_gazebo', 'merge_install': False, 'path': '/home/info/smartnav_ws/src/smartnav_gazebo', 'symlink_install': True, 'test_result_base': None}
[9.246s] INFO:colcon.colcon_core.executor:Executing jobs using 'parallel' executor
[9.281s] DEBUG:colcon.colcon_parallel_executor.executor.parallel:run_until_complete
[9.281s] INFO:colcon.colcon_ros.task.ament_python.build:Building ROS package in '/home/info/smartnav_ws/src/smartnav_core' with build type 'ament_python'
[9.282s] Level 1:colcon.colcon_core.shell:create_environment_hook('smartnav_core', 'ament_prefix_path')
[9.327s] INFO:colcon.colcon_core.plugin_system:Skipping extension 'colcon_core.shell.bat': Not used on non-Windows systems
[9.328s] INFO:colcon.colcon_core.shell:Creating environment hook '/home/info/smartnav_ws/install/smartnav_core/share/smartnav_core/hook/ament_prefix_path.ps1'
[9.378s] INFO:colcon.colcon_core.shell:Creating environment descriptor '/home/info/smartnav_ws/install/smartnav_core/share/smartnav_core/hook/ament_prefix_path.dsv'
[9.410s] INFO:colcon.colcon_core.shell:Creating environment hook '/home/info/smartnav_ws/install/smartnav_core/share/smartnav_core/hook/ament_prefix_path.sh'
[9.434s] INFO:colcon.colcon_core.shell:Skip shell extension 'powershell' for command environment: Not usable outside of PowerShell
[9.434s] DEBUG:colcon.colcon_core.shell:Skip shell extension 'dsv' for command environment
[9.463s] INFO:colcon.colcon_ros.task.ament_cmake.build:Building ROS package in '/home/info/smartnav_ws/src/smartnav_description' with build type 'ament_cmake'
[9.463s] INFO:colcon.colcon_cmake.task.cmake.build:Building CMake package in '/home/info/smartnav_ws/src/smartnav_description'
[9.463s] INFO:colcon.colcon_core.shell:Skip shell extension 'powershell' for command environment: Not usable outside of PowerShell
[9.464s] DEBUG:colcon.colcon_core.shell:Skip shell extension 'dsv' for command environment
[9.477s] INFO:colcon.colcon_ros.task.ament_cmake.build:Building ROS package in '/home/info/smartnav_ws/src/smartnav_gazebo' with build type 'ament_cmake'
[9.478s] INFO:colcon.colcon_cmake.task.cmake.build:Building CMake package in '/home/info/smartnav_ws/src/smartnav_gazebo'
[9.478s] INFO:colcon.colcon_core.shell:Skip shell extension 'powershell' for command environment: Not usable outside of PowerShell
[9.478s] DEBUG:colcon.colcon_core.shell:Skip shell extension 'dsv' for command environment
[13.164s] INFO:colcon.colcon_core.task.python.build:Building Python package in '/home/info/smartnav_ws/src/smartnav_core'
[13.164s] INFO:colcon.colcon_core.shell:Skip shell extension 'powershell' for command environment: Not usable outside of PowerShell
[13.164s] DEBUG:colcon.colcon_core.shell:Skip shell extension 'dsv' for command environment
[13.194s] DEBUG:colcon.colcon_core.event_handler.log_command:Invoking command in '/home/info/smartnav_ws/build/smartnav_description': CMAKE_PREFIX_PATH=${CMAKE_PREFIX_PATH}:/home/info/smartnav_ws/src/install/smartnav_core:/opt/ros/jazzy /usr/bin/cmake /home/info/smartnav_ws/src/smartnav_description -DAMENT_CMAKE_SYMLINK_INSTALL=1 -DCMAKE_INSTALL_PREFIX=/home/info/smartnav_ws/install/smartnav_description
[13.244s] DEBUG:colcon.colcon_core.event_handler.log_command:Invoking command in '/home/info/smartnav_ws/build/smartnav_gazebo': CMAKE_PREFIX_PATH=${CMAKE_PREFIX_PATH}:/home/info/smartnav_ws/src/install/smartnav_core:/opt/ros/jazzy /usr/bin/cmake /home/info/smartnav_ws/src/smartnav_gazebo -DAMENT_CMAKE_SYMLINK_INSTALL=1 -DCMAKE_INSTALL_PREFIX=/home/info/smartnav_ws/install/smartnav_gazebo
[23.806s] DEBUG:colcon.colcon_core.event_handler.log_command:Invoking command in '/home/info/smartnav_ws/build/smartnav_core': PYTHONPATH=/home/info/smartnav_ws/build/smartnav_core/prefix_override:/usr/lib/python3/dist-packages/colcon_core/task/python/colcon_distutils_commands:/home/info/smartnav_ws/install/smartnav_core/lib/python3.12/site-packages:${PYTHONPATH} /usr/bin/python3 -W ignore:setup.py install is deprecated -W ignore:easy_install command is deprecated setup.py develop --editable --build-directory /home/info/smartnav_ws/build/smartnav_core/build --no-deps symlink_data
[30.629s] Level 1:colcon.colcon_core.shell:create_environment_hook('smartnav_core', 'pythonpath_develop')
[30.629s] INFO:colcon.colcon_core.shell:Creating environment hook '/home/info/smartnav_ws/build/smartnav_core/share/smartnav_core/hook/pythonpath_develop.ps1'
[30.631s] DEBUG:colcon.colcon_core.event_handler.log_command:Invoked command in '/home/info/smartnav_ws/build/smartnav_core' returned '0': PYTHONPATH=/home/info/smartnav_ws/build/smartnav_core/prefix_override:/usr/lib/python3/dist-packages/colcon_core/task/python/colcon_distutils_commands:/home/info/smartnav_ws/install/smartnav_core/lib/python3.12/site-packages:${PYTHONPATH} /usr/bin/python3 -W ignore:setup.py install is deprecated -W ignore:easy_install command is deprecated setup.py develop --editable --build-directory /home/info/smartnav_ws/build/smartnav_core/build --no-deps symlink_data
[30.633s] INFO:colcon.colcon_core.shell:Creating environment descriptor '/home/info/smartnav_ws/build/smartnav_core/share/smartnav_core/hook/pythonpath_develop.dsv'
[30.633s] INFO:colcon.colcon_core.shell:Creating environment hook '/home/info/smartnav_ws/build/smartnav_core/share/smartnav_core/hook/pythonpath_develop.sh'
[30.682s] Level 1:colcon.colcon_core.environment:checking '/home/info/smartnav_ws/install/smartnav_core' for CMake module files
[30.683s] Level 1:colcon.colcon_core.environment:checking '/home/info/smartnav_ws/install/smartnav_core' for CMake config files
[30.685s] Level 1:colcon.colcon_core.environment:checking '/home/info/smartnav_ws/install/smartnav_core/lib'
[30.685s] Level 1:colcon.colcon_core.environment:checking '/home/info/smartnav_ws/install/smartnav_core/bin'
[30.686s] Level 1:colcon.colcon_core.environment:checking '/home/info/smartnav_ws/install/smartnav_core/lib/pkgconfig/smartnav_core.pc'
[30.686s] Level 1:colcon.colcon_core.environment:checking '/home/info/smartnav_ws/install/smartnav_core/lib/python3.12/site-packages'
[30.686s] Level 1:colcon.colcon_core.shell:create_environment_hook('smartnav_core', 'pythonpath')
[30.687s] INFO:colcon.colcon_core.shell:Creating environment hook '/home/info/smartnav_ws/install/smartnav_core/share/smartnav_core/hook/pythonpath.ps1'
[30.688s] INFO:colcon.colcon_core.shell:Creating environment descriptor '/home/info/smartnav_ws/install/smartnav_core/share/smartnav_core/hook/pythonpath.dsv'
[30.690s] INFO:colcon.colcon_core.shell:Creating environment hook '/home/info/smartnav_ws/install/smartnav_core/share/smartnav_core/hook/pythonpath.sh'
[30.702s] Level 1:colcon.colcon_core.environment:checking '/home/info/smartnav_ws/install/smartnav_core/bin'
[30.702s] Level 1:colcon.colcon_core.environment:create_environment_scripts_only(smartnav_core)
[30.703s] INFO:colcon.colcon_core.shell:Creating package script '/home/info/smartnav_ws/install/smartnav_core/share/smartnav_core/package.ps1'
[30.713s] INFO:colcon.colcon_core.shell:Creating package descriptor '/home/info/smartnav_ws/install/smartnav_core/share/smartnav_core/package.dsv'
[30.716s] INFO:colcon.colcon_core.shell:Creating package script '/home/info/smartnav_ws/install/smartnav_core/share/smartnav_core/package.sh'
[30.719s] INFO:colcon.colcon_core.shell:Creating package script '/home/info/smartnav_ws/install/smartnav_core/share/smartnav_core/package.bash'
[30.723s] INFO:colcon.colcon_core.shell:Creating package script '/home/info/smartnav_ws/install/smartnav_core/share/smartnav_core/package.zsh'
[30.729s] Level 1:colcon.colcon_core.environment:create_file_with_runtime_dependencies(/home/info/smartnav_ws/install/smartnav_core/share/colcon-core/packages/smartnav_core)
[39.826s] DEBUG:colcon.colcon_core.event_handler.log_command:Invoked command in '/home/info/smartnav_ws/build/smartnav_description' returned '0': CMAKE_PREFIX_PATH=${CMAKE_PREFIX_PATH}:/home/info/smartnav_ws/src/install/smartnav_core:/opt/ros/jazzy /usr/bin/cmake /home/info/smartnav_ws/src/smartnav_description -DAMENT_CMAKE_SYMLINK_INSTALL=1 -DCMAKE_INSTALL_PREFIX=/home/info/smartnav_ws/install/smartnav_description
[39.832s] DEBUG:colcon.colcon_core.event_handler.log_command:Invoking command in '/home/info/smartnav_ws/build/smartnav_description': CMAKE_PREFIX_PATH=${CMAKE_PREFIX_PATH}:/home/info/smartnav_ws/src/install/smartnav_core:/opt/ros/jazzy /usr/bin/cmake --build /home/info/smartnav_ws/build/smartnav_description -- -j4 -l4
[39.873s] DEBUG:colcon.colcon_core.event_handler.log_command:Invoked command in '/home/info/smartnav_ws/build/smartnav_gazebo' returned '0': CMAKE_PREFIX_PATH=${CMAKE_PREFIX_PATH}:/home/info/smartnav_ws/src/install/smartnav_core:/opt/ros/jazzy /usr/bin/cmake /home/info/smartnav_ws/src/smartnav_gazebo -DAMENT_CMAKE_SYMLINK_INSTALL=1 -DCMAKE_INSTALL_PREFIX=/home/info/smartnav_ws/install/smartnav_gazebo
[39.876s] DEBUG:colcon.colcon_core.event_handler.log_command:Invoking command in '/home/info/smartnav_ws/build/smartnav_gazebo': CMAKE_PREFIX_PATH=${CMAKE_PREFIX_PATH}:/home/info/smartnav_ws/src/install/smartnav_core:/opt/ros/jazzy /usr/bin/cmake --build /home/info/smartnav_ws/build/smartnav_gazebo -- -j4 -l4
[40.133s] DEBUG:colcon.colcon_core.event_handler.log_command:Invoked command in '/home/info/smartnav_ws/build/smartnav_gazebo' returned '0': CMAKE_PREFIX_PATH=${CMAKE_PREFIX_PATH}:/home/info/smartnav_ws/src/install/smartnav_core:/opt/ros/jazzy /usr/bin/cmake --build /home/info/smartnav_ws/build/smartnav_gazebo -- -j4 -l4
[40.212s] DEBUG:colcon.colcon_core.event_handler.log_command:Invoking command in '/home/info/smartnav_ws/build/smartnav_gazebo': CMAKE_PREFIX_PATH=${CMAKE_PREFIX_PATH}:/home/info/smartnav_ws/src/install/smartnav_core:/opt/ros/jazzy /usr/bin/cmake --install /home/info/smartnav_ws/build/smartnav_gazebo
[40.216s] DEBUG:colcon.colcon_core.event_handler.log_command:Invoked command in '/home/info/smartnav_ws/build/smartnav_description' returned '0': CMAKE_PREFIX_PATH=${CMAKE_PREFIX_PATH}:/home/info/smartnav_ws/src/install/smartnav_core:/opt/ros/jazzy /usr/bin/cmake --build /home/info/smartnav_ws/build/smartnav_description -- -j4 -l4
[40.223s] DEBUG:colcon.colcon_core.event_handler.log_command:Invoking command in '/home/info/smartnav_ws/build/smartnav_description': CMAKE_PREFIX_PATH=${CMAKE_PREFIX_PATH}:/home/info/smartnav_ws/src/install/smartnav_core:/opt/ros/jazzy /usr/bin/cmake --install /home/info/smartnav_ws/build/smartnav_description
[41.310s] Level 1:colcon.colcon_core.environment:create_environment_scripts_only(smartnav_description)
[41.312s] Level 1:colcon.colcon_core.environment:checking '/home/info/smartnav_ws/install/smartnav_description' for CMake module files
[41.313s] DEBUG:colcon.colcon_core.event_handler.log_command:Invoked command in '/home/info/smartnav_ws/build/smartnav_description' returned '0': CMAKE_PREFIX_PATH=${CMAKE_PREFIX_PATH}:/home/info/smartnav_ws/src/install/smartnav_core:/opt/ros/jazzy /usr/bin/cmake --install /home/info/smartnav_ws/build/smartnav_description
[41.315s] Level 1:colcon.colcon_core.environment:checking '/home/info/smartnav_ws/install/smartnav_description' for CMake config files
[41.316s] Level 1:colcon.colcon_core.shell:create_environment_hook('smartnav_description', 'cmake_prefix_path')
[41.317s] INFO:colcon.colcon_core.shell:Creating environment hook '/home/info/smartnav_ws/install/smartnav_description/share/smartnav_description/hook/cmake_prefix_path.ps1'
[41.328s] INFO:colcon.colcon_core.shell:Creating environment descriptor '/home/info/smartnav_ws/install/smartnav_description/share/smartnav_description/hook/cmake_prefix_path.dsv'
[41.332s] INFO:colcon.colcon_core.shell:Creating environment hook '/home/info/smartnav_ws/install/smartnav_description/share/smartnav_description/hook/cmake_prefix_path.sh'
[41.333s] Level 1:colcon.colcon_core.environment:checking '/home/info/smartnav_ws/install/smartnav_description/bin'
[41.333s] Level 1:colcon.colcon_core.environment:checking '/home/info/smartnav_ws/install/smartnav_description/lib/pkgconfig/smartnav_description.pc'
[41.334s] Level 1:colcon.colcon_core.environment:checking '/home/info/smartnav_ws/install/smartnav_description/lib/python3.12/site-packages'
[41.335s] Level 1:colcon.colcon_core.environment:checking '/home/info/smartnav_ws/install/smartnav_description/bin'
[41.336s] INFO:colcon.colcon_core.shell:Creating package script '/home/info/smartnav_ws/install/smartnav_description/share/smartnav_description/package.ps1'
[41.347s] INFO:colcon.colcon_core.shell:Creating package descriptor '/home/info/smartnav_ws/install/smartnav_description/share/smartnav_description/package.dsv'
[41.348s] INFO:colcon.colcon_core.shell:Creating package script '/home/info/smartnav_ws/install/smartnav_description/share/smartnav_description/package.sh'
[41.350s] INFO:colcon.colcon_core.shell:Creating package script '/home/info/smartnav_ws/install/smartnav_description/share/smartnav_description/package.bash'
[41.359s] INFO:colcon.colcon_core.shell:Creating package script '/home/info/smartnav_ws/install/smartnav_description/share/smartnav_description/package.zsh'
[41.361s] Level 1:colcon.colcon_core.environment:create_file_with_runtime_dependencies(/home/info/smartnav_ws/install/smartnav_description/share/colcon-core/packages/smartnav_description)
[41.365s] Level 1:colcon.colcon_core.environment:create_environment_scripts_only(smartnav_description)
[41.366s] Level 1:colcon.colcon_core.environment:checking '/home/info/smartnav_ws/install/smartnav_description' for CMake module files
[41.377s] Level 1:colcon.colcon_core.environment:checking '/home/info/smartnav_ws/install/smartnav_description' for CMake config files
[41.380s] Level 1:colcon.colcon_core.shell:create_environment_hook('smartnav_description', 'cmake_prefix_path')
[41.381s] INFO:colcon.colcon_core.shell:Creating environment hook '/home/info/smartnav_ws/install/smartnav_description/share/smartnav_description/hook/cmake_prefix_path.ps1'
[41.393s] INFO:colcon.colcon_core.shell:Creating environment descriptor '/home/info/smartnav_ws/install/smartnav_description/share/smartnav_description/hook/cmake_prefix_path.dsv'
[41.394s] INFO:colcon.colcon_core.shell:Creating environment hook '/home/info/smartnav_ws/install/smartnav_description/share/smartnav_description/hook/cmake_prefix_path.sh'
[41.396s] Level 1:colcon.colcon_core.environment:checking '/home/info/smartnav_ws/install/smartnav_description/bin'
[41.397s] Level 1:colcon.colcon_core.environment:checking '/home/info/smartnav_ws/install/smartnav_description/lib/pkgconfig/smartnav_description.pc'
[41.398s] Level 1:colcon.colcon_core.environment:checking '/home/info/smartnav_ws/install/smartnav_description/lib/python3.12/site-packages'
[41.411s] Level 1:colcon.colcon_core.environment:checking '/home/info/smartnav_ws/install/smartnav_description/bin'
[41.412s] INFO:colcon.colcon_core.shell:Creating package script '/home/info/smartnav_ws/install/smartnav_description/share/smartnav_description/package.ps1'
[41.414s] INFO:colcon.colcon_core.shell:Creating package descriptor '/home/info/smartnav_ws/install/smartnav_description/share/smartnav_description/package.dsv'
[41.416s] INFO:colcon.colcon_core.shell:Creating package script '/home/info/smartnav_ws/install/smartnav_description/share/smartnav_description/package.sh'
[41.427s] INFO:colcon.colcon_core.shell:Creating package script '/home/info/smartnav_ws/install/smartnav_description/share/smartnav_description/package.bash'
[41.429s] INFO:colcon.colcon_core.shell:Creating package script '/home/info/smartnav_ws/install/smartnav_description/share/smartnav_description/package.zsh'
[41.430s] Level 1:colcon.colcon_core.environment:create_file_with_runtime_dependencies(/home/info/smartnav_ws/install/smartnav_description/share/colcon-core/packages/smartnav_description)
[41.444s] Level 1:colcon.colcon_core.environment:create_environment_scripts_only(smartnav_gazebo)
[41.445s] Level 1:colcon.colcon_core.environment:checking '/home/info/smartnav_ws/install/smartnav_gazebo' for CMake module files
[41.449s] DEBUG:colcon.colcon_core.event_handler.log_command:Invoked command in '/home/info/smartnav_ws/build/smartnav_gazebo' returned '0': CMAKE_PREFIX_PATH=${CMAKE_PREFIX_PATH}:/home/info/smartnav_ws/src/install/smartnav_core:/opt/ros/jazzy /usr/bin/cmake --install /home/info/smartnav_ws/build/smartnav_gazebo
[41.459s] Level 1:colcon.colcon_core.environment:checking '/home/info/smartnav_ws/install/smartnav_gazebo' for CMake config files
[41.460s] Level 1:colcon.colcon_core.shell:create_environment_hook('smartnav_gazebo', 'cmake_prefix_path')
[41.461s] INFO:colcon.colcon_core.shell:Creating environment hook '/home/info/smartnav_ws/install/smartnav_gazebo/share/smartnav_gazebo/hook/cmake_prefix_path.ps1'
[41.462s] INFO:colcon.colcon_core.shell:Creating environment descriptor '/home/info/smartnav_ws/install/smartnav_gazebo/share/smartnav_gazebo/hook/cmake_prefix_path.dsv'
[41.471s] INFO:colcon.colcon_core.shell:Creating environment hook '/home/info/smartnav_ws/install/smartnav_gazebo/share/smartnav_gazebo/hook/cmake_prefix_path.sh'
[41.475s] Level 1:colcon.colcon_core.environment:checking '/home/info/smartnav_ws/install/smartnav_gazebo/bin'
[41.476s] Level 1:colcon.colcon_core.environment:checking '/home/info/smartnav_ws/install/smartnav_gazebo/lib/pkgconfig/smartnav_gazebo.pc'
[41.476s] Level 1:colcon.colcon_core.environment:checking '/home/info/smartnav_ws/install/smartnav_gazebo/lib/python3.12/site-packages'
[41.477s] Level 1:colcon.colcon_core.environment:checking '/home/info/smartnav_ws/install/smartnav_gazebo/bin'
[41.479s] INFO:colcon.colcon_core.shell:Creating package script '/home/info/smartnav_ws/install/smartnav_gazebo/share/smartnav_gazebo/package.ps1'
[41.492s] INFO:colcon.colcon_core.shell:Creating package descriptor '/home/info/smartnav_ws/install/smartnav_gazebo/share/smartnav_gazebo/package.dsv'
[41.494s] INFO:colcon.colcon_core.shell:Creating package script '/home/info/smartnav_ws/install/smartnav_gazebo/share/smartnav_gazebo/package.sh'
[41.496s] INFO:colcon.colcon_core.shell:Creating package script '/home/info/smartnav_ws/install/smartnav_gazebo/share/smartnav_gazebo/package.bash'
[41.507s] INFO:colcon.colcon_core.shell:Creating package script '/home/info/smartnav_ws/install/smartnav_gazebo/share/smartnav_gazebo/package.zsh'
[41.515s] Level 1:colcon.colcon_core.environment:create_file_with_runtime_dependencies(/home/info/smartnav_ws/install/smartnav_gazebo/share/colcon-core/packages/smartnav_gazebo)
[41.517s] Level 1:colcon.colcon_core.environment:create_environment_scripts_only(smartnav_gazebo)
[41.518s] Level 1:colcon.colcon_core.environment:checking '/home/info/smartnav_ws/install/smartnav_gazebo' for CMake module files
[41.523s] Level 1:colcon.colcon_core.environment:checking '/home/info/smartnav_ws/install/smartnav_gazebo' for CMake config files
[41.524s] Level 1:colcon.colcon_core.shell:create_environment_hook('smartnav_gazebo', 'cmake_prefix_path')
[41.524s] INFO:colcon.colcon_core.shell:Creating environment hook '/home/info/smartnav_ws/install/smartnav_gazebo/share/smartnav_gazebo/hook/cmake_prefix_path.ps1'
[41.526s] INFO:colcon.colcon_core.shell:Creating environment descriptor '/home/info/smartnav_ws/install/smartnav_gazebo/share/smartnav_gazebo/hook/cmake_prefix_path.dsv'
[41.528s] INFO:colcon.colcon_core.shell:Creating environment hook '/home/info/smartnav_ws/install/smartnav_gazebo/share/smartnav_gazebo/hook/cmake_prefix_path.sh'
[41.540s] Level 1:colcon.colcon_core.environment:checking '/home/info/smartnav_ws/install/smartnav_gazebo/bin'
[41.540s] Level 1:colcon.colcon_core.environment:checking '/home/info/smartnav_ws/install/smartnav_gazebo/lib/pkgconfig/smartnav_gazebo.pc'
[41.541s] Level 1:colcon.colcon_core.environment:checking '/home/info/smartnav_ws/install/smartnav_gazebo/lib/python3.12/site-packages'
[41.543s] Level 1:colcon.colcon_core.environment:checking '/home/info/smartnav_ws/install/smartnav_gazebo/bin'
[41.544s] INFO:colcon.colcon_core.shell:Creating package script '/home/info/smartnav_ws/install/smartnav_gazebo/share/smartnav_gazebo/package.ps1'
[41.545s] INFO:colcon.colcon_core.shell:Creating package descriptor '/home/info/smartnav_ws/install/smartnav_gazebo/share/smartnav_gazebo/package.dsv'
[41.557s] INFO:colcon.colcon_core.shell:Creating package script '/home/info/smartnav_ws/install/smartnav_gazebo/share/smartnav_gazebo/package.sh'
[41.558s] INFO:colcon.colcon_core.shell:Creating package script '/home/info/smartnav_ws/install/smartnav_gazebo/share/smartnav_gazebo/package.bash'
[41.561s] INFO:colcon.colcon_core.shell:Creating package script '/home/info/smartnav_ws/install/smartnav_gazebo/share/smartnav_gazebo/package.zsh'
[41.563s] Level 1:colcon.colcon_core.environment:create_file_with_runtime_dependencies(/home/info/smartnav_ws/install/smartnav_gazebo/share/colcon-core/packages/smartnav_gazebo)
[41.572s] DEBUG:colcon.colcon_parallel_executor.executor.parallel:closing loop
[41.574s] DEBUG:colcon.colcon_parallel_executor.executor.parallel:loop closed
[41.574s] DEBUG:colcon.colcon_parallel_executor.executor.parallel:run_until_complete finished with '0'
[41.575s] DEBUG:colcon.colcon_core.event_reactor:joining thread
[42.078s] INFO:colcon.colcon_core.plugin_system:Skipping extension 'colcon_notification.desktop_notification.notify_send': Could not find 'notify-send'
[42.078s] INFO:colcon.colcon_core.plugin_system:Skipping extension 'colcon_notification.desktop_notification.terminal_notifier': Not used on non-Darwin systems
[42.078s] INFO:colcon.colcon_core.plugin_system:Skipping extension 'colcon_notification.desktop_notification.win32': Not used on non-Windows systems
[42.078s] INFO:colcon.colcon_notification.desktop_notification:Sending desktop notification using 'notify2'
[42.237s] DEBUG:colcon.colcon_notification.desktop_notification.notify2:Failed to initialize notify2: org.freedesktop.DBus.Error.ServiceUnknown: The name org.freedesktop.Notifications was not provided by any .service files
[42.237s] DEBUG:colcon.colcon_core.event_reactor:joined thread
[42.238s] INFO:colcon.colcon_core.shell:Creating prefix script '/home/info/smartnav_ws/install/local_setup.ps1'
[42.250s] INFO:colcon.colcon_core.shell:Creating prefix util module '/home/info/smartnav_ws/install/_local_setup_util_ps1.py'
[42.257s] INFO:colcon.colcon_core.shell:Creating prefix chain script '/home/info/smartnav_ws/install/setup.ps1'
[42.269s] INFO:colcon.colcon_core.shell:Creating prefix script '/home/info/smartnav_ws/install/local_setup.sh'
[42.275s] INFO:colcon.colcon_core.shell:Creating prefix util module '/home/info/smartnav_ws/install/_local_setup_util_sh.py'
[42.278s] INFO:colcon.colcon_core.shell:Creating prefix chain script '/home/info/smartnav_ws/install/setup.sh'
[42.284s] INFO:colcon.colcon_core.shell:Creating prefix script '/home/info/smartnav_ws/install/local_setup.bash'
[42.287s] INFO:colcon.colcon_core.shell:Creating prefix chain script '/home/info/smartnav_ws/install/setup.bash'
[42.291s] INFO:colcon.colcon_core.shell:Creating prefix script '/home/info/smartnav_ws/install/local_setup.zsh'
[42.295s] INFO:colcon.colcon_core.shell:Creating prefix chain script '/home/info/smartnav_ws/install/setup.zsh'
