-- Found ament_cmake: 2.5.5 (/opt/ros/jazzy/share/ament_cmake/cmake)
-- Override CMake install command with custom implementation using symlinks instead of copying resources
-- Found ament_lint_auto: 0.17.4 (/opt/ros/jazzy/share/ament_lint_auto/cmake)
-- Added test 'flake8' to check Python code syntax and style conventions
-- Configured 'flake8' exclude dirs and/or files: 
-- Added test 'lint_cmake' to check CMake code style
-- Added test 'pep257' to check Python code against some of the docstring style conventions in PEP 257
-- Added test 'xmllint' to check XML markup files
-- Configuring done (2.7s)
-- Generating done (0.1s)
-- Build files have been written to: /home/info/smartnav_ws/build/smartnav_gazebo
-- Install configuration: ""
-- Execute custom install script
-- Up-to-date symlink: /home/info/smartnav_ws/install/smartnav_gazebo/share/ament_index/resource_index/package_run_dependencies/smartnav_gazebo
-- Up-to-date symlink: /home/info/smartnav_ws/install/smartnav_gazebo/share/ament_index/resource_index/parent_prefix_path/smartnav_gazebo
-- Up-to-date symlink: /home/info/smartnav_ws/install/smartnav_gazebo/share/smartnav_gazebo/environment/ament_prefix_path.sh
-- Up-to-date symlink: /home/info/smartnav_ws/install/smartnav_gazebo/share/smartnav_gazebo/environment/ament_prefix_path.dsv
-- Up-to-date symlink: /home/info/smartnav_ws/install/smartnav_gazebo/share/smartnav_gazebo/environment/path.sh
-- Up-to-date symlink: /home/info/smartnav_ws/install/smartnav_gazebo/share/smartnav_gazebo/environment/path.dsv
-- Up-to-date symlink: /home/info/smartnav_ws/install/smartnav_gazebo/share/smartnav_gazebo/local_setup.bash
-- Up-to-date symlink: /home/info/smartnav_ws/install/smartnav_gazebo/share/smartnav_gazebo/local_setup.sh
-- Up-to-date symlink: /home/info/smartnav_ws/install/smartnav_gazebo/share/smartnav_gazebo/local_setup.zsh
-- Up-to-date symlink: /home/info/smartnav_ws/install/smartnav_gazebo/share/smartnav_gazebo/local_setup.dsv
-- Symlinking: /home/info/smartnav_ws/install/smartnav_gazebo/share/smartnav_gazebo/package.dsv
-- Up-to-date symlink: /home/info/smartnav_ws/install/smartnav_gazebo/share/ament_index/resource_index/packages/smartnav_gazebo
-- Up-to-date symlink: /home/info/smartnav_ws/install/smartnav_gazebo/share/smartnav_gazebo/cmake/smartnav_gazeboConfig.cmake
-- Up-to-date symlink: /home/info/smartnav_ws/install/smartnav_gazebo/share/smartnav_gazebo/cmake/smartnav_gazeboConfig-version.cmake
-- Up-to-date symlink: /home/info/smartnav_ws/install/smartnav_gazebo/share/smartnav_gazebo/package.xml
-- Up-to-date symlink: /home/info/smartnav_ws/install/smartnav_gazebo/share/smartnav_gazebo/worlds/city.world
-- Up-to-date symlink: /home/info/smartnav_ws/install/smartnav_gazebo/share/smartnav_gazebo/worlds/reset_cars.sh
-- Up-to-date symlink: /home/info/smartnav_ws/install/smartnav_gazebo/share/smartnav_gazebo/worlds/reset_cars_loop.py
-- Up-to-date symlink: /home/info/smartnav_ws/install/smartnav_gazebo/share/smartnav_gazebo/worlds/smartnav.world
-- Up-to-date symlink: /home/info/smartnav_ws/install/smartnav_gazebo/share/smartnav_gazebo/worlds/walk_blind_person.sh
