[1.191s] Invoking command in '/home/info/smartnav_ws/build/smartnav_gazebo': CMAKE_PREFIX_PATH=${CMAKE_PREFIX_PATH}:/home/info/smartnav_ws/src/install/smartnav_core:/opt/ros/jazzy /usr/bin/cmake /home/info/smartnav_ws/src/smartnav_gazebo -DCMAKE_INSTALL_PREFIX=/home/info/smartnav_ws/install/smartnav_gazebo
[1.995s] -- Found ament_cmake: 2.5.5 (/opt/ros/jazzy/share/ament_cmake/cmake)
[3.449s] -- Override CMake install command with custom implementation using symlinks instead of copying resources
[3.601s] -- Found ament_lint_auto: 0.17.4 (/opt/ros/jazzy/share/ament_lint_auto/cmake)
[4.637s] -- Added test 'flake8' to check Python code syntax and style conventions
[4.638s] -- Configured 'flake8' exclude dirs and/or files: 
[4.646s] -- Added test 'lint_cmake' to check CMake code style
[4.650s] -- Added test 'pep257' to check Python code against some of the docstring style conventions in PEP 257
[4.654s] -- Added test 'xmllint' to check XML markup files
[4.668s] -- Configuring done (2.7s)
[4.788s] -- Generating done (0.1s)
[4.805s] -- Build files have been written to: /home/info/smartnav_ws/build/smartnav_gazebo
[4.848s] Invoked command in '/home/info/smartnav_ws/build/smartnav_gazebo' returned '0': CMAKE_PREFIX_PATH=${CMAKE_PREFIX_PATH}:/home/info/smartnav_ws/src/install/smartnav_core:/opt/ros/jazzy /usr/bin/cmake /home/info/smartnav_ws/src/smartnav_gazebo -DCMAKE_INSTALL_PREFIX=/home/info/smartnav_ws/install/smartnav_gazebo
[4.852s] Invoking command in '/home/info/smartnav_ws/build/smartnav_gazebo': CMAKE_PREFIX_PATH=${CMAKE_PREFIX_PATH}:/home/info/smartnav_ws/src/install/smartnav_core:/opt/ros/jazzy /usr/bin/cmake --build /home/info/smartnav_ws/build/smartnav_gazebo -- -j4 -l4
[5.008s] Invoked command in '/home/info/smartnav_ws/build/smartnav_gazebo' returned '0': CMAKE_PREFIX_PATH=${CMAKE_PREFIX_PATH}:/home/info/smartnav_ws/src/install/smartnav_core:/opt/ros/jazzy /usr/bin/cmake --build /home/info/smartnav_ws/build/smartnav_gazebo -- -j4 -l4
[5.052s] Invoking command in '/home/info/smartnav_ws/build/smartnav_gazebo': CMAKE_PREFIX_PATH=${CMAKE_PREFIX_PATH}:/home/info/smartnav_ws/src/install/smartnav_core:/opt/ros/jazzy /usr/bin/cmake --install /home/info/smartnav_ws/build/smartnav_gazebo
[5.080s] -- Install configuration: ""
[5.082s] -- Execute custom install script
[5.090s] -- Up-to-date symlink: /home/info/smartnav_ws/install/smartnav_gazebo/share/ament_index/resource_index/package_run_dependencies/smartnav_gazebo
[5.091s] -- Up-to-date symlink: /home/info/smartnav_ws/install/smartnav_gazebo/share/ament_index/resource_index/parent_prefix_path/smartnav_gazebo
[5.093s] -- Up-to-date symlink: /home/info/smartnav_ws/install/smartnav_gazebo/share/smartnav_gazebo/environment/ament_prefix_path.sh
[5.094s] -- Up-to-date symlink: /home/info/smartnav_ws/install/smartnav_gazebo/share/smartnav_gazebo/environment/ament_prefix_path.dsv
[5.095s] -- Up-to-date symlink: /home/info/smartnav_ws/install/smartnav_gazebo/share/smartnav_gazebo/environment/path.sh
[5.095s] -- Up-to-date symlink: /home/info/smartnav_ws/install/smartnav_gazebo/share/smartnav_gazebo/environment/path.dsv
[5.096s] -- Up-to-date symlink: /home/info/smartnav_ws/install/smartnav_gazebo/share/smartnav_gazebo/local_setup.bash
[5.097s] -- Up-to-date symlink: /home/info/smartnav_ws/install/smartnav_gazebo/share/smartnav_gazebo/local_setup.sh
[5.097s] -- Up-to-date symlink: /home/info/smartnav_ws/install/smartnav_gazebo/share/smartnav_gazebo/local_setup.zsh
[5.108s] -- Up-to-date symlink: /home/info/smartnav_ws/install/smartnav_gazebo/share/smartnav_gazebo/local_setup.dsv
[5.109s] -- Symlinking: /home/info/smartnav_ws/install/smartnav_gazebo/share/smartnav_gazebo/package.dsv
[5.140s] -- Up-to-date symlink: /home/info/smartnav_ws/install/smartnav_gazebo/share/ament_index/resource_index/packages/smartnav_gazebo
[5.140s] -- Up-to-date symlink: /home/info/smartnav_ws/install/smartnav_gazebo/share/smartnav_gazebo/cmake/smartnav_gazeboConfig.cmake
[5.141s] -- Up-to-date symlink: /home/info/smartnav_ws/install/smartnav_gazebo/share/smartnav_gazebo/cmake/smartnav_gazeboConfig-version.cmake
[5.141s] -- Up-to-date symlink: /home/info/smartnav_ws/install/smartnav_gazebo/share/smartnav_gazebo/package.xml
[5.143s] -- Up-to-date symlink: /home/info/smartnav_ws/install/smartnav_gazebo/share/smartnav_gazebo/worlds/city.world
[5.143s] -- Up-to-date symlink: /home/info/smartnav_ws/install/smartnav_gazebo/share/smartnav_gazebo/worlds/reset_cars.sh
[5.145s] -- Up-to-date symlink: /home/info/smartnav_ws/install/smartnav_gazebo/share/smartnav_gazebo/worlds/reset_cars_loop.py
[5.147s] -- Up-to-date symlink: /home/info/smartnav_ws/install/smartnav_gazebo/share/smartnav_gazebo/worlds/smartnav.world
[5.148s] -- Up-to-date symlink: /home/info/smartnav_ws/install/smartnav_gazebo/share/smartnav_gazebo/worlds/walk_blind_person.sh
[5.163s] Invoked command in '/home/info/smartnav_ws/build/smartnav_gazebo' returned '0': CMAKE_PREFIX_PATH=${CMAKE_PREFIX_PATH}:/home/info/smartnav_ws/src/install/smartnav_core:/opt/ros/jazzy /usr/bin/cmake --install /home/info/smartnav_ws/build/smartnav_gazebo
