[1.934s] DEBUG:colcon:Command line arguments: ['/usr/bin/colcon', 'build']
[1.934s] DEBUG:colcon:Parsed command line arguments: Namespace(log_base=None, log_level=None, verb_name='build', build_base='build', install_base='install', merge_install=False, symlink_install=False, test_result_base=None, continue_on_error=False, executor='parallel', parallel_workers=4, event_handlers=None, ignore_user_meta=False, metas=['./colcon.meta'], base_paths=['.'], packages_ignore=None, packages_ignore_regex=None, paths=None, packages_up_to=None, packages_up_to_regex=None, packages_above=None, packages_above_and_dependencies=None, packages_above_depth=None, packages_select_by_dep=None, packages_skip_by_dep=None, packages_skip_up_to=None, packages_select_build_failed=False, packages_skip_build_finished=False, packages_select_test_failures=False, packages_skip_test_passed=False, packages_select=None, packages_skip=None, packages_select_regex=None, packages_skip_regex=None, packages_start=None, packages_end=None, allow_overriding=[], cmake_args=None, cmake_target=None, cmake_target_skip_unavailable=False, cmake_clean_cache=False, cmake_clean_first=False, cmake_force_configure=False, ament_cmake_args=None, catkin_cmake_args=None, catkin_skip_building_tests=False, verb_parser=<colcon_defaults.argument_parser.defaults.DefaultArgumentsDecorator object at 0x7f81f0e0eae0>, verb_extension=<colcon_core.verb.build.BuildVerb object at 0x7f81f0f63650>, main=<bound method BuildVerb.main of <colcon_core.verb.build.BuildVerb object at 0x7f81f0f63650>>)
[2.564s] Level 1:colcon.colcon_core.package_discovery:discover_packages(colcon_meta) check parameters
[2.564s] Level 1:colcon.colcon_core.package_discovery:discover_packages(recursive) check parameters
[2.564s] Level 1:colcon.colcon_core.package_discovery:discover_packages(ignore) check parameters
[2.564s] Level 1:colcon.colcon_core.package_discovery:discover_packages(path) check parameters
[2.564s] Level 1:colcon.colcon_core.package_discovery:discover_packages(colcon_meta) discover
[2.565s] Level 1:colcon.colcon_core.package_discovery:discover_packages(recursive) discover
[2.565s] INFO:colcon.colcon_core.package_discovery:Crawling recursively for packages in '/home/info/smartnav_ws'
[2.566s] Level 1:colcon.colcon_core.package_identification:_identify(.) by extensions ['ignore', 'ignore_ament_install']
[2.566s] Level 1:colcon.colcon_core.package_identification:_identify(.) by extension 'ignore'
[2.568s] Level 1:colcon.colcon_core.package_identification:_identify(.) by extension 'ignore_ament_install'
[2.568s] Level 1:colcon.colcon_core.package_identification:_identify(.) by extensions ['colcon_pkg']
[2.568s] Level 1:colcon.colcon_core.package_identification:_identify(.) by extension 'colcon_pkg'
[2.569s] Level 1:colcon.colcon_core.package_identification:_identify(.) by extensions ['colcon_meta']
[2.569s] Level 1:colcon.colcon_core.package_identification:_identify(.) by extension 'colcon_meta'
[2.569s] Level 1:colcon.colcon_core.package_identification:_identify(.) by extensions ['ros']
[2.569s] Level 1:colcon.colcon_core.package_identification:_identify(.) by extension 'ros'
[2.911s] Level 1:colcon.colcon_core.package_identification:_identify(.) by extensions ['cmake', 'python']
[2.911s] Level 1:colcon.colcon_core.package_identification:_identify(.) by extension 'cmake'
[2.911s] Level 1:colcon.colcon_core.package_identification:_identify(.) by extension 'python'
[2.911s] Level 1:colcon.colcon_core.package_identification:_identify(.) by extensions ['python_setup_py']
[2.911s] Level 1:colcon.colcon_core.package_identification:_identify(.) by extension 'python_setup_py'
[2.912s] Level 1:colcon.colcon_core.package_identification:_identify(build) by extensions ['ignore', 'ignore_ament_install']
[2.912s] Level 1:colcon.colcon_core.package_identification:_identify(build) by extension 'ignore'
[2.912s] Level 1:colcon.colcon_core.package_identification:_identify(build) ignored
[2.913s] Level 1:colcon.colcon_core.package_identification:_identify(install) by extensions ['ignore', 'ignore_ament_install']
[2.913s] Level 1:colcon.colcon_core.package_identification:_identify(install) by extension 'ignore'
[2.914s] Level 1:colcon.colcon_core.package_identification:_identify(install) ignored
[2.915s] Level 1:colcon.colcon_core.package_identification:_identify(log) by extensions ['ignore', 'ignore_ament_install']
[2.915s] Level 1:colcon.colcon_core.package_identification:_identify(log) by extension 'ignore'
[2.915s] Level 1:colcon.colcon_core.package_identification:_identify(log) ignored
[2.915s] Level 1:colcon.colcon_core.package_identification:_identify(src) by extensions ['ignore', 'ignore_ament_install']
[2.916s] Level 1:colcon.colcon_core.package_identification:_identify(src) by extension 'ignore'
[2.916s] Level 1:colcon.colcon_core.package_identification:_identify(src) by extension 'ignore_ament_install'
[2.917s] Level 1:colcon.colcon_core.package_identification:_identify(src) by extensions ['colcon_pkg']
[2.917s] Level 1:colcon.colcon_core.package_identification:_identify(src) by extension 'colcon_pkg'
[2.917s] Level 1:colcon.colcon_core.package_identification:_identify(src) by extensions ['colcon_meta']
[2.917s] Level 1:colcon.colcon_core.package_identification:_identify(src) by extension 'colcon_meta'
[2.917s] Level 1:colcon.colcon_core.package_identification:_identify(src) by extensions ['ros']
[2.917s] Level 1:colcon.colcon_core.package_identification:_identify(src) by extension 'ros'
[2.917s] Level 1:colcon.colcon_core.package_identification:_identify(src) by extensions ['cmake', 'python']
[2.918s] Level 1:colcon.colcon_core.package_identification:_identify(src) by extension 'cmake'
[2.918s] Level 1:colcon.colcon_core.package_identification:_identify(src) by extension 'python'
[2.918s] Level 1:colcon.colcon_core.package_identification:_identify(src) by extensions ['python_setup_py']
[2.918s] Level 1:colcon.colcon_core.package_identification:_identify(src) by extension 'python_setup_py'
[2.919s] Level 1:colcon.colcon_core.package_identification:_identify(src/smartnav_core) by extensions ['ignore', 'ignore_ament_install']
[2.920s] Level 1:colcon.colcon_core.package_identification:_identify(src/smartnav_core) by extension 'ignore'
[2.920s] Level 1:colcon.colcon_core.package_identification:_identify(src/smartnav_core) by extension 'ignore_ament_install'
[2.920s] Level 1:colcon.colcon_core.package_identification:_identify(src/smartnav_core) by extensions ['colcon_pkg']
[2.920s] Level 1:colcon.colcon_core.package_identification:_identify(src/smartnav_core) by extension 'colcon_pkg'
[2.920s] Level 1:colcon.colcon_core.package_identification:_identify(src/smartnav_core) by extensions ['colcon_meta']
[2.920s] Level 1:colcon.colcon_core.package_identification:_identify(src/smartnav_core) by extension 'colcon_meta'
[2.920s] Level 1:colcon.colcon_core.package_identification:_identify(src/smartnav_core) by extensions ['ros']
[2.920s] Level 1:colcon.colcon_core.package_identification:_identify(src/smartnav_core) by extension 'ros'
[2.950s] DEBUG:colcon.colcon_core.package_identification:Package 'src/smartnav_core' with type 'ros.ament_python' and name 'smartnav_core'
[2.952s] Level 1:colcon.colcon_core.package_identification:_identify(src/smartnav_description) by extensions ['ignore', 'ignore_ament_install']
[2.952s] Level 1:colcon.colcon_core.package_identification:_identify(src/smartnav_description) by extension 'ignore'
[2.952s] Level 1:colcon.colcon_core.package_identification:_identify(src/smartnav_description) by extension 'ignore_ament_install'
[2.952s] Level 1:colcon.colcon_core.package_identification:_identify(src/smartnav_description) by extensions ['colcon_pkg']
[2.953s] Level 1:colcon.colcon_core.package_identification:_identify(src/smartnav_description) by extension 'colcon_pkg'
[2.953s] Level 1:colcon.colcon_core.package_identification:_identify(src/smartnav_description) by extensions ['colcon_meta']
[2.953s] Level 1:colcon.colcon_core.package_identification:_identify(src/smartnav_description) by extension 'colcon_meta'
[2.953s] Level 1:colcon.colcon_core.package_identification:_identify(src/smartnav_description) by extensions ['ros']
[2.953s] Level 1:colcon.colcon_core.package_identification:_identify(src/smartnav_description) by extension 'ros'
[2.957s] DEBUG:colcon.colcon_core.package_identification:Package 'src/smartnav_description' with type 'ros.ament_cmake' and name 'smartnav_description'
[2.959s] Level 1:colcon.colcon_core.package_identification:_identify(src/smartnav_gazebo) by extensions ['ignore', 'ignore_ament_install']
[2.959s] Level 1:colcon.colcon_core.package_identification:_identify(src/smartnav_gazebo) by extension 'ignore'
[2.960s] Level 1:colcon.colcon_core.package_identification:_identify(src/smartnav_gazebo) by extension 'ignore_ament_install'
[2.960s] Level 1:colcon.colcon_core.package_identification:_identify(src/smartnav_gazebo) by extensions ['colcon_pkg']
[2.960s] Level 1:colcon.colcon_core.package_identification:_identify(src/smartnav_gazebo) by extension 'colcon_pkg'
[2.960s] Level 1:colcon.colcon_core.package_identification:_identify(src/smartnav_gazebo) by extensions ['colcon_meta']
[2.960s] Level 1:colcon.colcon_core.package_identification:_identify(src/smartnav_gazebo) by extension 'colcon_meta'
[2.960s] Level 1:colcon.colcon_core.package_identification:_identify(src/smartnav_gazebo) by extensions ['ros']
[2.960s] Level 1:colcon.colcon_core.package_identification:_identify(src/smartnav_gazebo) by extension 'ros'
[2.962s] DEBUG:colcon.colcon_core.package_identification:Package 'src/smartnav_gazebo' with type 'ros.ament_cmake' and name 'smartnav_gazebo'
[2.963s] Level 1:colcon.colcon_core.package_discovery:discover_packages(recursive) using defaults
[2.963s] Level 1:colcon.colcon_core.package_discovery:discover_packages(ignore) discover
[2.963s] Level 1:colcon.colcon_core.package_discovery:discover_packages(ignore) using defaults
[2.963s] Level 1:colcon.colcon_core.package_discovery:discover_packages(path) discover
[2.963s] Level 1:colcon.colcon_core.package_discovery:discover_packages(path) using defaults
[3.163s] Level 1:colcon.colcon_core.package_discovery:discover_packages(prefix_path) check parameters
[3.163s] Level 1:colcon.colcon_core.package_discovery:discover_packages(prefix_path) discover
[3.166s] WARNING:colcon.colcon_core.prefix_path.colcon:The path '/home/info/smartnav_ws/src/install' in the environment variable COLCON_PREFIX_PATH doesn't exist
[3.169s] WARNING:colcon.colcon_ros.prefix_path.ament:The path '/home/info/smartnav_ws/src/install/smartnav_gazebo' in the environment variable AMENT_PREFIX_PATH doesn't exist
[3.169s] WARNING:colcon.colcon_ros.prefix_path.ament:The path '/home/info/smartnav_ws/src/install/smartnav_description' in the environment variable AMENT_PREFIX_PATH doesn't exist
[3.170s] WARNING:colcon.colcon_ros.prefix_path.ament:The path '/home/info/smartnav_ws/src/install/smartnav_core' in the environment variable AMENT_PREFIX_PATH doesn't exist
[3.172s] WARNING:colcon.colcon_ros.prefix_path.catkin:The path '/home/info/smartnav_ws/src/install/smartnav_gazebo' in the environment variable CMAKE_PREFIX_PATH doesn't exist
[3.173s] WARNING:colcon.colcon_ros.prefix_path.catkin:The path '/home/info/smartnav_ws/src/install/smartnav_description' in the environment variable CMAKE_PREFIX_PATH doesn't exist
[3.183s] DEBUG:colcon.colcon_installed_package_information.package_discovery:Found 317 installed packages in /opt/ros/jazzy
[3.191s] Level 1:colcon.colcon_core.package_discovery:discover_packages(prefix_path) using defaults
[3.518s] Level 5:colcon.colcon_core.verb:set package 'smartnav_core' build argument 'cmake_args' from command line to 'None'
[3.518s] Level 5:colcon.colcon_core.verb:set package 'smartnav_core' build argument 'cmake_target' from command line to 'None'
[3.519s] Level 5:colcon.colcon_core.verb:set package 'smartnav_core' build argument 'cmake_target_skip_unavailable' from command line to 'False'
[3.519s] Level 5:colcon.colcon_core.verb:set package 'smartnav_core' build argument 'cmake_clean_cache' from command line to 'False'
[3.519s] Level 5:colcon.colcon_core.verb:set package 'smartnav_core' build argument 'cmake_clean_first' from command line to 'False'
[3.519s] Level 5:colcon.colcon_core.verb:set package 'smartnav_core' build argument 'cmake_force_configure' from command line to 'False'
[3.519s] Level 5:colcon.colcon_core.verb:set package 'smartnav_core' build argument 'ament_cmake_args' from command line to 'None'
[3.519s] Level 5:colcon.colcon_core.verb:set package 'smartnav_core' build argument 'catkin_cmake_args' from command line to 'None'
[3.519s] Level 5:colcon.colcon_core.verb:set package 'smartnav_core' build argument 'catkin_skip_building_tests' from command line to 'False'
[3.519s] DEBUG:colcon.colcon_core.verb:Building package 'smartnav_core' with the following arguments: {'ament_cmake_args': None, 'build_base': '/home/info/smartnav_ws/build/smartnav_core', 'catkin_cmake_args': None, 'catkin_skip_building_tests': False, 'cmake_args': None, 'cmake_clean_cache': False, 'cmake_clean_first': False, 'cmake_force_configure': False, 'cmake_target': None, 'cmake_target_skip_unavailable': False, 'install_base': '/home/info/smartnav_ws/install/smartnav_core', 'merge_install': False, 'path': '/home/info/smartnav_ws/src/smartnav_core', 'symlink_install': False, 'test_result_base': None}
[3.520s] Level 5:colcon.colcon_core.verb:set package 'smartnav_description' build argument 'cmake_args' from command line to 'None'
[3.520s] Level 5:colcon.colcon_core.verb:set package 'smartnav_description' build argument 'cmake_target' from command line to 'None'
[3.520s] Level 5:colcon.colcon_core.verb:set package 'smartnav_description' build argument 'cmake_target_skip_unavailable' from command line to 'False'
[3.520s] Level 5:colcon.colcon_core.verb:set package 'smartnav_description' build argument 'cmake_clean_cache' from command line to 'False'
[3.520s] Level 5:colcon.colcon_core.verb:set package 'smartnav_description' build argument 'cmake_clean_first' from command line to 'False'
[3.520s] Level 5:colcon.colcon_core.verb:set package 'smartnav_description' build argument 'cmake_force_configure' from command line to 'False'
[3.520s] Level 5:colcon.colcon_core.verb:set package 'smartnav_description' build argument 'ament_cmake_args' from command line to 'None'
[3.520s] Level 5:colcon.colcon_core.verb:set package 'smartnav_description' build argument 'catkin_cmake_args' from command line to 'None'
[3.520s] Level 5:colcon.colcon_core.verb:set package 'smartnav_description' build argument 'catkin_skip_building_tests' from command line to 'False'
[3.520s] DEBUG:colcon.colcon_core.verb:Building package 'smartnav_description' with the following arguments: {'ament_cmake_args': None, 'build_base': '/home/info/smartnav_ws/build/smartnav_description', 'catkin_cmake_args': None, 'catkin_skip_building_tests': False, 'cmake_args': None, 'cmake_clean_cache': False, 'cmake_clean_first': False, 'cmake_force_configure': False, 'cmake_target': None, 'cmake_target_skip_unavailable': False, 'install_base': '/home/info/smartnav_ws/install/smartnav_description', 'merge_install': False, 'path': '/home/info/smartnav_ws/src/smartnav_description', 'symlink_install': False, 'test_result_base': None}
[3.521s] Level 5:colcon.colcon_core.verb:set package 'smartnav_gazebo' build argument 'cmake_args' from command line to 'None'
[3.521s] Level 5:colcon.colcon_core.verb:set package 'smartnav_gazebo' build argument 'cmake_target' from command line to 'None'
[3.521s] Level 5:colcon.colcon_core.verb:set package 'smartnav_gazebo' build argument 'cmake_target_skip_unavailable' from command line to 'False'
[3.521s] Level 5:colcon.colcon_core.verb:set package 'smartnav_gazebo' build argument 'cmake_clean_cache' from command line to 'False'
[3.521s] Level 5:colcon.colcon_core.verb:set package 'smartnav_gazebo' build argument 'cmake_clean_first' from command line to 'False'
[3.521s] Level 5:colcon.colcon_core.verb:set package 'smartnav_gazebo' build argument 'cmake_force_configure' from command line to 'False'
[3.521s] Level 5:colcon.colcon_core.verb:set package 'smartnav_gazebo' build argument 'ament_cmake_args' from command line to 'None'
[3.521s] Level 5:colcon.colcon_core.verb:set package 'smartnav_gazebo' build argument 'catkin_cmake_args' from command line to 'None'
[3.522s] Level 5:colcon.colcon_core.verb:set package 'smartnav_gazebo' build argument 'catkin_skip_building_tests' from command line to 'False'
[3.522s] DEBUG:colcon.colcon_core.verb:Building package 'smartnav_gazebo' with the following arguments: {'ament_cmake_args': None, 'build_base': '/home/info/smartnav_ws/build/smartnav_gazebo', 'catkin_cmake_args': None, 'catkin_skip_building_tests': False, 'cmake_args': None, 'cmake_clean_cache': False, 'cmake_clean_first': False, 'cmake_force_configure': False, 'cmake_target': None, 'cmake_target_skip_unavailable': False, 'install_base': '/home/info/smartnav_ws/install/smartnav_gazebo', 'merge_install': False, 'path': '/home/info/smartnav_ws/src/smartnav_gazebo', 'symlink_install': False, 'test_result_base': None}
[3.522s] INFO:colcon.colcon_core.executor:Executing jobs using 'parallel' executor
[3.529s] DEBUG:colcon.colcon_parallel_executor.executor.parallel:run_until_complete
[3.531s] INFO:colcon.colcon_ros.task.ament_python.build:Building ROS package in '/home/info/smartnav_ws/src/smartnav_core' with build type 'ament_python'
[3.532s] Level 1:colcon.colcon_core.shell:create_environment_hook('smartnav_core', 'ament_prefix_path')
[3.544s] INFO:colcon.colcon_core.plugin_system:Skipping extension 'colcon_core.shell.bat': Not used on non-Windows systems
[3.544s] INFO:colcon.colcon_core.shell:Creating environment hook '/home/info/smartnav_ws/install/smartnav_core/share/smartnav_core/hook/ament_prefix_path.ps1'
[3.550s] INFO:colcon.colcon_core.shell:Creating environment descriptor '/home/info/smartnav_ws/install/smartnav_core/share/smartnav_core/hook/ament_prefix_path.dsv'
[3.556s] INFO:colcon.colcon_core.shell:Creating environment hook '/home/info/smartnav_ws/install/smartnav_core/share/smartnav_core/hook/ament_prefix_path.sh'
[3.558s] INFO:colcon.colcon_core.shell:Skip shell extension 'powershell' for command environment: Not usable outside of PowerShell
[3.558s] DEBUG:colcon.colcon_core.shell:Skip shell extension 'dsv' for command environment
[3.577s] INFO:colcon.colcon_ros.task.ament_cmake.build:Building ROS package in '/home/info/smartnav_ws/src/smartnav_description' with build type 'ament_cmake'
[3.577s] INFO:colcon.colcon_cmake.task.cmake.build:Building CMake package in '/home/info/smartnav_ws/src/smartnav_description'
[3.578s] INFO:colcon.colcon_core.shell:Skip shell extension 'powershell' for command environment: Not usable outside of PowerShell
[3.578s] DEBUG:colcon.colcon_core.shell:Skip shell extension 'dsv' for command environment
[3.598s] INFO:colcon.colcon_ros.task.ament_cmake.build:Building ROS package in '/home/info/smartnav_ws/src/smartnav_gazebo' with build type 'ament_cmake'
[3.599s] INFO:colcon.colcon_cmake.task.cmake.build:Building CMake package in '/home/info/smartnav_ws/src/smartnav_gazebo'
[3.599s] INFO:colcon.colcon_core.shell:Skip shell extension 'powershell' for command environment: Not usable outside of PowerShell
[3.600s] DEBUG:colcon.colcon_core.shell:Skip shell extension 'dsv' for command environment
[4.654s] INFO:colcon.colcon_core.task.python.build:Building Python package in '/home/info/smartnav_ws/src/smartnav_core'
[4.655s] INFO:colcon.colcon_core.shell:Skip shell extension 'powershell' for command environment: Not usable outside of PowerShell
[4.655s] DEBUG:colcon.colcon_core.shell:Skip shell extension 'dsv' for command environment
[4.746s] DEBUG:colcon.colcon_core.event_handler.log_command:Invoking command in '/home/info/smartnav_ws/build/smartnav_description': CMAKE_PREFIX_PATH=${CMAKE_PREFIX_PATH}:/home/info/smartnav_ws/src/install/smartnav_core:/opt/ros/jazzy /usr/bin/cmake /home/info/smartnav_ws/src/smartnav_description -DCMAKE_INSTALL_PREFIX=/home/info/smartnav_ws/install/smartnav_description
[4.791s] DEBUG:colcon.colcon_core.event_handler.log_command:Invoking command in '/home/info/smartnav_ws/build/smartnav_gazebo': CMAKE_PREFIX_PATH=${CMAKE_PREFIX_PATH}:/home/info/smartnav_ws/src/install/smartnav_core:/opt/ros/jazzy /usr/bin/cmake /home/info/smartnav_ws/src/smartnav_gazebo -DCMAKE_INSTALL_PREFIX=/home/info/smartnav_ws/install/smartnav_gazebo
[8.448s] DEBUG:colcon.colcon_core.event_handler.log_command:Invoked command in '/home/info/smartnav_ws/build/smartnav_gazebo' returned '0': CMAKE_PREFIX_PATH=${CMAKE_PREFIX_PATH}:/home/info/smartnav_ws/src/install/smartnav_core:/opt/ros/jazzy /usr/bin/cmake /home/info/smartnav_ws/src/smartnav_gazebo -DCMAKE_INSTALL_PREFIX=/home/info/smartnav_ws/install/smartnav_gazebo
[8.452s] DEBUG:colcon.colcon_core.event_handler.log_command:Invoking command in '/home/info/smartnav_ws/build/smartnav_gazebo': CMAKE_PREFIX_PATH=${CMAKE_PREFIX_PATH}:/home/info/smartnav_ws/src/install/smartnav_core:/opt/ros/jazzy /usr/bin/cmake --build /home/info/smartnav_ws/build/smartnav_gazebo -- -j4 -l4
[8.454s] DEBUG:colcon.colcon_core.event_handler.log_command:Invoked command in '/home/info/smartnav_ws/build/smartnav_description' returned '0': CMAKE_PREFIX_PATH=${CMAKE_PREFIX_PATH}:/home/info/smartnav_ws/src/install/smartnav_core:/opt/ros/jazzy /usr/bin/cmake /home/info/smartnav_ws/src/smartnav_description -DCMAKE_INSTALL_PREFIX=/home/info/smartnav_ws/install/smartnav_description
[8.456s] DEBUG:colcon.colcon_core.event_handler.log_command:Invoking command in '/home/info/smartnav_ws/build/smartnav_description': CMAKE_PREFIX_PATH=${CMAKE_PREFIX_PATH}:/home/info/smartnav_ws/src/install/smartnav_core:/opt/ros/jazzy /usr/bin/cmake --build /home/info/smartnav_ws/build/smartnav_description -- -j4 -l4
[8.608s] DEBUG:colcon.colcon_core.event_handler.log_command:Invoked command in '/home/info/smartnav_ws/build/smartnav_gazebo' returned '0': CMAKE_PREFIX_PATH=${CMAKE_PREFIX_PATH}:/home/info/smartnav_ws/src/install/smartnav_core:/opt/ros/jazzy /usr/bin/cmake --build /home/info/smartnav_ws/build/smartnav_gazebo -- -j4 -l4
[8.651s] DEBUG:colcon.colcon_core.event_handler.log_command:Invoking command in '/home/info/smartnav_ws/build/smartnav_gazebo': CMAKE_PREFIX_PATH=${CMAKE_PREFIX_PATH}:/home/info/smartnav_ws/src/install/smartnav_core:/opt/ros/jazzy /usr/bin/cmake --install /home/info/smartnav_ws/build/smartnav_gazebo
[8.656s] DEBUG:colcon.colcon_core.event_handler.log_command:Invoked command in '/home/info/smartnav_ws/build/smartnav_description' returned '0': CMAKE_PREFIX_PATH=${CMAKE_PREFIX_PATH}:/home/info/smartnav_ws/src/install/smartnav_core:/opt/ros/jazzy /usr/bin/cmake --build /home/info/smartnav_ws/build/smartnav_description -- -j4 -l4
[8.659s] DEBUG:colcon.colcon_core.event_handler.log_command:Invoking command in '/home/info/smartnav_ws/build/smartnav_description': CMAKE_PREFIX_PATH=${CMAKE_PREFIX_PATH}:/home/info/smartnav_ws/src/install/smartnav_core:/opt/ros/jazzy /usr/bin/cmake --install /home/info/smartnav_ws/build/smartnav_description
[8.761s] Level 1:colcon.colcon_core.environment:create_environment_scripts_only(smartnav_gazebo)
[8.762s] DEBUG:colcon.colcon_core.event_handler.log_command:Invoked command in '/home/info/smartnav_ws/build/smartnav_gazebo' returned '0': CMAKE_PREFIX_PATH=${CMAKE_PREFIX_PATH}:/home/info/smartnav_ws/src/install/smartnav_core:/opt/ros/jazzy /usr/bin/cmake --install /home/info/smartnav_ws/build/smartnav_gazebo
[8.778s] Level 1:colcon.colcon_core.environment:checking '/home/info/smartnav_ws/install/smartnav_gazebo' for CMake module files
[8.781s] Level 1:colcon.colcon_core.environment:checking '/home/info/smartnav_ws/install/smartnav_gazebo' for CMake config files
[8.782s] Level 1:colcon.colcon_core.shell:create_environment_hook('smartnav_gazebo', 'cmake_prefix_path')
[8.783s] INFO:colcon.colcon_core.shell:Creating environment hook '/home/info/smartnav_ws/install/smartnav_gazebo/share/smartnav_gazebo/hook/cmake_prefix_path.ps1'
[8.788s] INFO:colcon.colcon_core.shell:Creating environment descriptor '/home/info/smartnav_ws/install/smartnav_gazebo/share/smartnav_gazebo/hook/cmake_prefix_path.dsv'
[8.789s] INFO:colcon.colcon_core.shell:Creating environment hook '/home/info/smartnav_ws/install/smartnav_gazebo/share/smartnav_gazebo/hook/cmake_prefix_path.sh'
[8.791s] Level 1:colcon.colcon_core.environment:checking '/home/info/smartnav_ws/install/smartnav_gazebo/bin'
[8.791s] Level 1:colcon.colcon_core.environment:checking '/home/info/smartnav_ws/install/smartnav_gazebo/lib/pkgconfig/smartnav_gazebo.pc'
[8.792s] Level 1:colcon.colcon_core.environment:checking '/home/info/smartnav_ws/install/smartnav_gazebo/lib/python3.12/site-packages'
[8.792s] Level 1:colcon.colcon_core.environment:checking '/home/info/smartnav_ws/install/smartnav_gazebo/bin'
[8.793s] INFO:colcon.colcon_core.shell:Creating package script '/home/info/smartnav_ws/install/smartnav_gazebo/share/smartnav_gazebo/package.ps1'
[8.795s] INFO:colcon.colcon_core.shell:Creating package descriptor '/home/info/smartnav_ws/install/smartnav_gazebo/share/smartnav_gazebo/package.dsv'
[8.797s] INFO:colcon.colcon_core.shell:Creating package script '/home/info/smartnav_ws/install/smartnav_gazebo/share/smartnav_gazebo/package.sh'
[8.799s] INFO:colcon.colcon_core.shell:Creating package script '/home/info/smartnav_ws/install/smartnav_gazebo/share/smartnav_gazebo/package.bash'
[8.805s] INFO:colcon.colcon_core.shell:Creating package script '/home/info/smartnav_ws/install/smartnav_gazebo/share/smartnav_gazebo/package.zsh'
[8.807s] Level 1:colcon.colcon_core.environment:create_file_with_runtime_dependencies(/home/info/smartnav_ws/install/smartnav_gazebo/share/colcon-core/packages/smartnav_gazebo)
[8.809s] Level 1:colcon.colcon_core.environment:create_environment_scripts_only(smartnav_gazebo)
[8.809s] Level 1:colcon.colcon_core.environment:checking '/home/info/smartnav_ws/install/smartnav_gazebo' for CMake module files
[8.811s] Level 1:colcon.colcon_core.environment:checking '/home/info/smartnav_ws/install/smartnav_gazebo' for CMake config files
[8.811s] Level 1:colcon.colcon_core.shell:create_environment_hook('smartnav_gazebo', 'cmake_prefix_path')
[8.812s] INFO:colcon.colcon_core.shell:Creating environment hook '/home/info/smartnav_ws/install/smartnav_gazebo/share/smartnav_gazebo/hook/cmake_prefix_path.ps1'
[8.813s] INFO:colcon.colcon_core.shell:Creating environment descriptor '/home/info/smartnav_ws/install/smartnav_gazebo/share/smartnav_gazebo/hook/cmake_prefix_path.dsv'
[8.813s] INFO:colcon.colcon_core.shell:Creating environment hook '/home/info/smartnav_ws/install/smartnav_gazebo/share/smartnav_gazebo/hook/cmake_prefix_path.sh'
[8.815s] Level 1:colcon.colcon_core.environment:checking '/home/info/smartnav_ws/install/smartnav_gazebo/bin'
[8.815s] Level 1:colcon.colcon_core.environment:checking '/home/info/smartnav_ws/install/smartnav_gazebo/lib/pkgconfig/smartnav_gazebo.pc'
[8.816s] Level 1:colcon.colcon_core.environment:checking '/home/info/smartnav_ws/install/smartnav_gazebo/lib/python3.12/site-packages'
[8.817s] Level 1:colcon.colcon_core.environment:checking '/home/info/smartnav_ws/install/smartnav_gazebo/bin'
[8.817s] INFO:colcon.colcon_core.shell:Creating package script '/home/info/smartnav_ws/install/smartnav_gazebo/share/smartnav_gazebo/package.ps1'
[8.824s] INFO:colcon.colcon_core.shell:Creating package descriptor '/home/info/smartnav_ws/install/smartnav_gazebo/share/smartnav_gazebo/package.dsv'
[8.825s] INFO:colcon.colcon_core.shell:Creating package script '/home/info/smartnav_ws/install/smartnav_gazebo/share/smartnav_gazebo/package.sh'
[8.827s] INFO:colcon.colcon_core.shell:Creating package script '/home/info/smartnav_ws/install/smartnav_gazebo/share/smartnav_gazebo/package.bash'
[8.828s] INFO:colcon.colcon_core.shell:Creating package script '/home/info/smartnav_ws/install/smartnav_gazebo/share/smartnav_gazebo/package.zsh'
[8.829s] Level 1:colcon.colcon_core.environment:create_file_with_runtime_dependencies(/home/info/smartnav_ws/install/smartnav_gazebo/share/colcon-core/packages/smartnav_gazebo)
[8.832s] Level 1:colcon.colcon_core.environment:create_environment_scripts_only(smartnav_description)
[8.833s] Level 1:colcon.colcon_core.environment:checking '/home/info/smartnav_ws/install/smartnav_description' for CMake module files
[8.836s] Level 1:colcon.colcon_core.environment:checking '/home/info/smartnav_ws/install/smartnav_description' for CMake config files
[8.837s] Level 1:colcon.colcon_core.shell:create_environment_hook('smartnav_description', 'cmake_prefix_path')
[8.838s] INFO:colcon.colcon_core.shell:Creating environment hook '/home/info/smartnav_ws/install/smartnav_description/share/smartnav_description/hook/cmake_prefix_path.ps1'
[8.840s] DEBUG:colcon.colcon_core.event_handler.log_command:Invoked command in '/home/info/smartnav_ws/build/smartnav_description' returned '0': CMAKE_PREFIX_PATH=${CMAKE_PREFIX_PATH}:/home/info/smartnav_ws/src/install/smartnav_core:/opt/ros/jazzy /usr/bin/cmake --install /home/info/smartnav_ws/build/smartnav_description
[8.842s] INFO:colcon.colcon_core.shell:Creating environment descriptor '/home/info/smartnav_ws/install/smartnav_description/share/smartnav_description/hook/cmake_prefix_path.dsv'
[8.843s] INFO:colcon.colcon_core.shell:Creating environment hook '/home/info/smartnav_ws/install/smartnav_description/share/smartnav_description/hook/cmake_prefix_path.sh'
[8.845s] Level 1:colcon.colcon_core.environment:checking '/home/info/smartnav_ws/install/smartnav_description/bin'
[8.845s] Level 1:colcon.colcon_core.environment:checking '/home/info/smartnav_ws/install/smartnav_description/lib/pkgconfig/smartnav_description.pc'
[8.846s] Level 1:colcon.colcon_core.environment:checking '/home/info/smartnav_ws/install/smartnav_description/lib/python3.12/site-packages'
[8.847s] Level 1:colcon.colcon_core.environment:checking '/home/info/smartnav_ws/install/smartnav_description/bin'
[8.848s] INFO:colcon.colcon_core.shell:Creating package script '/home/info/smartnav_ws/install/smartnav_description/share/smartnav_description/package.ps1'
[8.849s] INFO:colcon.colcon_core.shell:Creating package descriptor '/home/info/smartnav_ws/install/smartnav_description/share/smartnav_description/package.dsv'
[8.850s] INFO:colcon.colcon_core.shell:Creating package script '/home/info/smartnav_ws/install/smartnav_description/share/smartnav_description/package.sh'
[8.854s] INFO:colcon.colcon_core.shell:Creating package script '/home/info/smartnav_ws/install/smartnav_description/share/smartnav_description/package.bash'
[8.856s] INFO:colcon.colcon_core.shell:Creating package script '/home/info/smartnav_ws/install/smartnav_description/share/smartnav_description/package.zsh'
[8.857s] Level 1:colcon.colcon_core.environment:create_file_with_runtime_dependencies(/home/info/smartnav_ws/install/smartnav_description/share/colcon-core/packages/smartnav_description)
[8.859s] Level 1:colcon.colcon_core.environment:create_environment_scripts_only(smartnav_description)
[8.859s] Level 1:colcon.colcon_core.environment:checking '/home/info/smartnav_ws/install/smartnav_description' for CMake module files
[8.861s] Level 1:colcon.colcon_core.environment:checking '/home/info/smartnav_ws/install/smartnav_description' for CMake config files
[8.861s] Level 1:colcon.colcon_core.shell:create_environment_hook('smartnav_description', 'cmake_prefix_path')
[8.862s] INFO:colcon.colcon_core.shell:Creating environment hook '/home/info/smartnav_ws/install/smartnav_description/share/smartnav_description/hook/cmake_prefix_path.ps1'
[8.864s] INFO:colcon.colcon_core.shell:Creating environment descriptor '/home/info/smartnav_ws/install/smartnav_description/share/smartnav_description/hook/cmake_prefix_path.dsv'
[8.866s] INFO:colcon.colcon_core.shell:Creating environment hook '/home/info/smartnav_ws/install/smartnav_description/share/smartnav_description/hook/cmake_prefix_path.sh'
[8.872s] Level 1:colcon.colcon_core.environment:checking '/home/info/smartnav_ws/install/smartnav_description/bin'
[8.873s] Level 1:colcon.colcon_core.environment:checking '/home/info/smartnav_ws/install/smartnav_description/lib/pkgconfig/smartnav_description.pc'
[8.873s] Level 1:colcon.colcon_core.environment:checking '/home/info/smartnav_ws/install/smartnav_description/lib/python3.12/site-packages'
[8.874s] Level 1:colcon.colcon_core.environment:checking '/home/info/smartnav_ws/install/smartnav_description/bin'
[8.875s] INFO:colcon.colcon_core.shell:Creating package script '/home/info/smartnav_ws/install/smartnav_description/share/smartnav_description/package.ps1'
[8.877s] INFO:colcon.colcon_core.shell:Creating package descriptor '/home/info/smartnav_ws/install/smartnav_description/share/smartnav_description/package.dsv'
[8.878s] INFO:colcon.colcon_core.shell:Creating package script '/home/info/smartnav_ws/install/smartnav_description/share/smartnav_description/package.sh'
[8.879s] INFO:colcon.colcon_core.shell:Creating package script '/home/info/smartnav_ws/install/smartnav_description/share/smartnav_description/package.bash'
[8.880s] INFO:colcon.colcon_core.shell:Creating package script '/home/info/smartnav_ws/install/smartnav_description/share/smartnav_description/package.zsh'
[8.882s] Level 1:colcon.colcon_core.environment:create_file_with_runtime_dependencies(/home/info/smartnav_ws/install/smartnav_description/share/colcon-core/packages/smartnav_description)
[9.462s] DEBUG:colcon.colcon_core.event_handler.log_command:Invoking command in '/home/info/smartnav_ws/build/smartnav_core': PYTHONPATH=/home/info/smartnav_ws/build/smartnav_core/prefix_override:/usr/lib/python3/dist-packages/colcon_core/task/python/colcon_distutils_commands:/home/info/smartnav_ws/install/smartnav_core/lib/python3.12/site-packages:${PYTHONPATH} /usr/bin/python3 -W ignore:setup.py install is deprecated -W ignore:easy_install command is deprecated setup.py develop --uninstall --editable --build-directory /home/info/smartnav_ws/build/smartnav_core/build
[11.589s] DEBUG:colcon.colcon_core.event_handler.log_command:Invoked command in '/home/info/smartnav_ws/build/smartnav_core' returned '0': PYTHONPATH=/home/info/smartnav_ws/build/smartnav_core/prefix_override:/usr/lib/python3/dist-packages/colcon_core/task/python/colcon_distutils_commands:/home/info/smartnav_ws/install/smartnav_core/lib/python3.12/site-packages:${PYTHONPATH} /usr/bin/python3 -W ignore:setup.py install is deprecated -W ignore:easy_install command is deprecated setup.py develop --uninstall --editable --build-directory /home/info/smartnav_ws/build/smartnav_core/build
[11.592s] DEBUG:colcon.colcon_core.event_handler.log_command:Invoking command in '/home/info/smartnav_ws/src/smartnav_core': PYTHONPATH=/home/info/smartnav_ws/build/smartnav_core/prefix_override:/usr/lib/python3/dist-packages/colcon_core/task/python/colcon_distutils_commands:/home/info/smartnav_ws/install/smartnav_core/lib/python3.12/site-packages:${PYTHONPATH} /usr/bin/python3 -W ignore:setup.py install is deprecated -W ignore:easy_install command is deprecated setup.py egg_info --egg-base ../../build/smartnav_core build --build-base /home/info/smartnav_ws/build/smartnav_core/build install --record /home/info/smartnav_ws/build/smartnav_core/install.log --single-version-externally-managed install_data --force
[13.204s] Level 1:colcon.colcon_core.environment:checking '/home/info/smartnav_ws/install/smartnav_core' for CMake module files
[13.206s] DEBUG:colcon.colcon_core.event_handler.log_command:Invoked command in '/home/info/smartnav_ws/src/smartnav_core' returned '0': PYTHONPATH=/home/info/smartnav_ws/build/smartnav_core/prefix_override:/usr/lib/python3/dist-packages/colcon_core/task/python/colcon_distutils_commands:/home/info/smartnav_ws/install/smartnav_core/lib/python3.12/site-packages:${PYTHONPATH} /usr/bin/python3 -W ignore:setup.py install is deprecated -W ignore:easy_install command is deprecated setup.py egg_info --egg-base ../../build/smartnav_core build --build-base /home/info/smartnav_ws/build/smartnav_core/build install --record /home/info/smartnav_ws/build/smartnav_core/install.log --single-version-externally-managed install_data --force
[13.207s] Level 1:colcon.colcon_core.environment:checking '/home/info/smartnav_ws/install/smartnav_core' for CMake config files
[13.211s] Level 1:colcon.colcon_core.environment:checking '/home/info/smartnav_ws/install/smartnav_core/lib'
[13.212s] Level 1:colcon.colcon_core.environment:checking '/home/info/smartnav_ws/install/smartnav_core/bin'
[13.212s] Level 1:colcon.colcon_core.environment:checking '/home/info/smartnav_ws/install/smartnav_core/lib/pkgconfig/smartnav_core.pc'
[13.212s] Level 1:colcon.colcon_core.environment:checking '/home/info/smartnav_ws/install/smartnav_core/lib/python3.12/site-packages'
[13.212s] Level 1:colcon.colcon_core.shell:create_environment_hook('smartnav_core', 'pythonpath')
[13.213s] INFO:colcon.colcon_core.shell:Creating environment hook '/home/info/smartnav_ws/install/smartnav_core/share/smartnav_core/hook/pythonpath.ps1'
[13.215s] INFO:colcon.colcon_core.shell:Creating environment descriptor '/home/info/smartnav_ws/install/smartnav_core/share/smartnav_core/hook/pythonpath.dsv'
[13.216s] INFO:colcon.colcon_core.shell:Creating environment hook '/home/info/smartnav_ws/install/smartnav_core/share/smartnav_core/hook/pythonpath.sh'
[13.218s] Level 1:colcon.colcon_core.environment:checking '/home/info/smartnav_ws/install/smartnav_core/bin'
[13.219s] Level 1:colcon.colcon_core.environment:create_environment_scripts_only(smartnav_core)
[13.220s] INFO:colcon.colcon_core.shell:Creating package script '/home/info/smartnav_ws/install/smartnav_core/share/smartnav_core/package.ps1'
[13.225s] INFO:colcon.colcon_core.shell:Creating package descriptor '/home/info/smartnav_ws/install/smartnav_core/share/smartnav_core/package.dsv'
[13.226s] INFO:colcon.colcon_core.shell:Creating package script '/home/info/smartnav_ws/install/smartnav_core/share/smartnav_core/package.sh'
[13.228s] INFO:colcon.colcon_core.shell:Creating package script '/home/info/smartnav_ws/install/smartnav_core/share/smartnav_core/package.bash'
[13.229s] INFO:colcon.colcon_core.shell:Creating package script '/home/info/smartnav_ws/install/smartnav_core/share/smartnav_core/package.zsh'
[13.230s] Level 1:colcon.colcon_core.environment:create_file_with_runtime_dependencies(/home/info/smartnav_ws/install/smartnav_core/share/colcon-core/packages/smartnav_core)
[13.231s] DEBUG:colcon.colcon_parallel_executor.executor.parallel:closing loop
[13.232s] DEBUG:colcon.colcon_parallel_executor.executor.parallel:loop closed
[13.232s] DEBUG:colcon.colcon_parallel_executor.executor.parallel:run_until_complete finished with '0'
[13.233s] DEBUG:colcon.colcon_core.event_reactor:joining thread
[13.436s] INFO:colcon.colcon_core.plugin_system:Skipping extension 'colcon_notification.desktop_notification.notify_send': Could not find 'notify-send'
[13.436s] INFO:colcon.colcon_core.plugin_system:Skipping extension 'colcon_notification.desktop_notification.terminal_notifier': Not used on non-Darwin systems
[13.436s] INFO:colcon.colcon_core.plugin_system:Skipping extension 'colcon_notification.desktop_notification.win32': Not used on non-Windows systems
[13.436s] INFO:colcon.colcon_notification.desktop_notification:Sending desktop notification using 'notify2'
[13.469s] DEBUG:colcon.colcon_notification.desktop_notification.notify2:Failed to initialize notify2: org.freedesktop.DBus.Error.ServiceUnknown: The name org.freedesktop.Notifications was not provided by any .service files
[13.469s] DEBUG:colcon.colcon_core.event_reactor:joined thread
[13.469s] INFO:colcon.colcon_core.shell:Creating prefix script '/home/info/smartnav_ws/install/local_setup.ps1'
[13.472s] INFO:colcon.colcon_core.shell:Creating prefix util module '/home/info/smartnav_ws/install/_local_setup_util_ps1.py'
[13.478s] INFO:colcon.colcon_core.shell:Creating prefix chain script '/home/info/smartnav_ws/install/setup.ps1'
[13.480s] INFO:colcon.colcon_core.shell:Creating prefix script '/home/info/smartnav_ws/install/local_setup.sh'
[13.484s] INFO:colcon.colcon_core.shell:Creating prefix util module '/home/info/smartnav_ws/install/_local_setup_util_sh.py'
[13.486s] INFO:colcon.colcon_core.shell:Creating prefix chain script '/home/info/smartnav_ws/install/setup.sh'
[13.488s] INFO:colcon.colcon_core.shell:Creating prefix script '/home/info/smartnav_ws/install/local_setup.bash'
[13.493s] INFO:colcon.colcon_core.shell:Creating prefix chain script '/home/info/smartnav_ws/install/setup.bash'
[13.496s] INFO:colcon.colcon_core.shell:Creating prefix script '/home/info/smartnav_ws/install/local_setup.zsh'
[13.499s] INFO:colcon.colcon_core.shell:Creating prefix chain script '/home/info/smartnav_ws/install/setup.zsh'
