[4.362s] Invoking command in '/home/info/smartnav_ws/build/smartnav_description': CMAKE_PREFIX_PATH=${CMAKE_PREFIX_PATH}:/home/info/smartnav_ws/src/install/smartnav_core:/opt/ros/jazzy /usr/bin/cmake /home/info/smartnav_ws/src/smartnav_description -DAMENT_CMAKE_SYMLINK_INSTALL=1 -DCMAKE_INSTALL_PREFIX=/home/info/smartnav_ws/install/smartnav_description
[8.581s] -- The C compiler identification is GNU 13.3.0
[14.785s] -- The CXX compiler identification is GNU 13.3.0
[19.674s] -- Detecting C compiler ABI info
[21.252s] -- Detecting C compiler ABI info - done
[21.349s] -- Check for working C compiler: /usr/bin/cc - skipped
[21.362s] -- Detecting C compile features
[21.378s] -- Detecting C compile features - done
[21.930s] -- Detecting CXX compiler ABI info
[23.378s] -- Detecting CXX compiler ABI info - done
[23.460s] -- Check for working CXX compiler: /usr/bin/c++ - skipped
[23.461s] -- Detecting CXX compile features
[23.462s] -- Detecting CXX compile features - done
[23.814s] -- Found ament_cmake: 2.5.5 (/opt/ros/jazzy/share/ament_cmake/cmake)
[24.993s] -- Found Python3: /usr/bin/python3 (found version "3.12.3") found components: Interpreter 
[27.388s] -- Override CMake install command with custom implementation using symlinks instead of copying resources
[28.280s] -- Found ament_lint_auto: 0.17.4 (/opt/ros/jazzy/share/ament_lint_auto/cmake)
[30.057s] -- Added test 'lint_cmake' to check CMake code style
[30.276s] -- Added test 'xmllint' to check XML markup files
[30.551s] -- Configuring done (25.1s)
[30.901s] -- Generating done (0.3s)
[30.971s] -- Build files have been written to: /home/info/smartnav_ws/build/smartnav_description
[30.993s] Invoked command in '/home/info/smartnav_ws/build/smartnav_description' returned '0': CMAKE_PREFIX_PATH=${CMAKE_PREFIX_PATH}:/home/info/smartnav_ws/src/install/smartnav_core:/opt/ros/jazzy /usr/bin/cmake /home/info/smartnav_ws/src/smartnav_description -DAMENT_CMAKE_SYMLINK_INSTALL=1 -DCMAKE_INSTALL_PREFIX=/home/info/smartnav_ws/install/smartnav_description
[31.000s] Invoking command in '/home/info/smartnav_ws/build/smartnav_description': CMAKE_PREFIX_PATH=${CMAKE_PREFIX_PATH}:/home/info/smartnav_ws/src/install/smartnav_core:/opt/ros/jazzy /usr/bin/cmake --build /home/info/smartnav_ws/build/smartnav_description -- -j4 -l4
[31.383s] Invoked command in '/home/info/smartnav_ws/build/smartnav_description' returned '0': CMAKE_PREFIX_PATH=${CMAKE_PREFIX_PATH}:/home/info/smartnav_ws/src/install/smartnav_core:/opt/ros/jazzy /usr/bin/cmake --build /home/info/smartnav_ws/build/smartnav_description -- -j4 -l4
[31.391s] Invoking command in '/home/info/smartnav_ws/build/smartnav_description': CMAKE_PREFIX_PATH=${CMAKE_PREFIX_PATH}:/home/info/smartnav_ws/src/install/smartnav_core:/opt/ros/jazzy /usr/bin/cmake --install /home/info/smartnav_ws/build/smartnav_description
[31.419s] -- Install configuration: ""
[31.434s] -- Execute custom install script
[31.449s] -- Symlinking: /home/info/smartnav_ws/install/smartnav_description/share/ament_index/resource_index/package_run_dependencies/smartnav_description
[31.505s] -- Symlinking: /home/info/smartnav_ws/install/smartnav_description/share/ament_index/resource_index/parent_prefix_path/smartnav_description
[31.578s] -- Symlinking: /home/info/smartnav_ws/install/smartnav_description/share/smartnav_description/environment/ament_prefix_path.sh
[31.622s] -- Symlinking: /home/info/smartnav_ws/install/smartnav_description/share/smartnav_description/environment/ament_prefix_path.dsv
[31.685s] -- Symlinking: /home/info/smartnav_ws/install/smartnav_description/share/smartnav_description/environment/path.sh
[31.738s] -- Symlinking: /home/info/smartnav_ws/install/smartnav_description/share/smartnav_description/environment/path.dsv
[31.801s] -- Symlinking: /home/info/smartnav_ws/install/smartnav_description/share/smartnav_description/local_setup.bash
[31.840s] -- Symlinking: /home/info/smartnav_ws/install/smartnav_description/share/smartnav_description/local_setup.sh
[31.906s] -- Symlinking: /home/info/smartnav_ws/install/smartnav_description/share/smartnav_description/local_setup.zsh
[31.973s] -- Symlinking: /home/info/smartnav_ws/install/smartnav_description/share/smartnav_description/local_setup.dsv
[32.036s] -- Symlinking: /home/info/smartnav_ws/install/smartnav_description/share/smartnav_description/package.dsv
[32.110s] -- Symlinking: /home/info/smartnav_ws/install/smartnav_description/share/ament_index/resource_index/packages/smartnav_description
[32.177s] -- Symlinking: /home/info/smartnav_ws/install/smartnav_description/share/smartnav_description/cmake/smartnav_descriptionConfig.cmake
[32.243s] -- Symlinking: /home/info/smartnav_ws/install/smartnav_description/share/smartnav_description/cmake/smartnav_descriptionConfig-version.cmake
[32.296s] -- Symlinking: /home/info/smartnav_ws/install/smartnav_description/share/smartnav_description/package.xml
[32.349s] -- Symlinking: /home/info/smartnav_ws/install/smartnav_description/share/smartnav_description/urdf/smartnav.xacro
[32.397s] -- Symlinking: /home/info/smartnav_ws/install/smartnav_description/share/smartnav_description/rviz/smartnav.rviz
[32.480s] Invoked command in '/home/info/smartnav_ws/build/smartnav_description' returned '0': CMAKE_PREFIX_PATH=${CMAKE_PREFIX_PATH}:/home/info/smartnav_ws/src/install/smartnav_core:/opt/ros/jazzy /usr/bin/cmake --install /home/info/smartnav_ws/build/smartnav_description
