/home/info/smartnav_ws/install/smartnav_core/lib/python3.12/site-packages/smartnav_core/metrics_recorder_node.py
/home/info/smartnav_ws/install/smartnav_core/lib/python3.12/site-packages/smartnav_core/__init__.py
/home/info/smartnav_ws/install/smartnav_core/lib/python3.12/site-packages/smartnav_core/cmd_vel_relay.py
/home/info/smartnav_ws/install/smartnav_core/lib/python3.12/site-packages/smartnav_core/rviz_alert_node.py
/home/info/smartnav_ws/install/smartnav_core/lib/python3.12/site-packages/smartnav_core/crossing_monitor_node.py
/home/info/smartnav_ws/install/smartnav_core/lib/python3.12/site-packages/smartnav_core/battery_simulator_node.py
/home/info/smartnav_ws/install/smartnav_core/lib/python3.12/site-packages/smartnav_core/canne_feedback_node.py
/home/info/smartnav_ws/install/smartnav_core/lib/python3.12/site-packages/smartnav_core/smartnav_navigator.py
/home/info/smartnav_ws/install/smartnav_core/lib/python3.12/site-packages/smartnav_core/patrol.py
/home/info/smartnav_ws/install/smartnav_core/lib/python3.12/site-packages/smartnav_core/obstacle_detector.py
/home/info/smartnav_ws/install/smartnav_core/lib/python3.12/site-packages/smartnav_core/__pycache__/metrics_recorder_node.cpython-312.pyc
/home/info/smartnav_ws/install/smartnav_core/lib/python3.12/site-packages/smartnav_core/__pycache__/__init__.cpython-312.pyc
/home/info/smartnav_ws/install/smartnav_core/lib/python3.12/site-packages/smartnav_core/__pycache__/cmd_vel_relay.cpython-312.pyc
/home/info/smartnav_ws/install/smartnav_core/lib/python3.12/site-packages/smartnav_core/__pycache__/rviz_alert_node.cpython-312.pyc
/home/info/smartnav_ws/install/smartnav_core/lib/python3.12/site-packages/smartnav_core/__pycache__/crossing_monitor_node.cpython-312.pyc
/home/info/smartnav_ws/install/smartnav_core/lib/python3.12/site-packages/smartnav_core/__pycache__/battery_simulator_node.cpython-312.pyc
/home/info/smartnav_ws/install/smartnav_core/lib/python3.12/site-packages/smartnav_core/__pycache__/canne_feedback_node.cpython-312.pyc
/home/info/smartnav_ws/install/smartnav_core/lib/python3.12/site-packages/smartnav_core/__pycache__/smartnav_navigator.cpython-312.pyc
/home/info/smartnav_ws/install/smartnav_core/lib/python3.12/site-packages/smartnav_core/__pycache__/patrol.cpython-312.pyc
/home/info/smartnav_ws/install/smartnav_core/lib/python3.12/site-packages/smartnav_core/__pycache__/obstacle_detector.cpython-312.pyc
/home/info/smartnav_ws/install/smartnav_core/share/ament_index/resource_index/packages/smartnav_core
/home/info/smartnav_ws/install/smartnav_core/share/smartnav_core/package.xml
/home/info/smartnav_ws/install/smartnav_core/share/smartnav_core/launch/start_simulation.launch.py
/home/info/smartnav_ws/install/smartnav_core/share/smartnav_core/config/smartnav_params.yaml
/home/info/smartnav_ws/install/smartnav_core/lib/python3.12/site-packages/smartnav_core-2.0.0-py3.12.egg-info/dependency_links.txt
/home/info/smartnav_ws/install/smartnav_core/lib/python3.12/site-packages/smartnav_core-2.0.0-py3.12.egg-info/top_level.txt
/home/info/smartnav_ws/install/smartnav_core/lib/python3.12/site-packages/smartnav_core-2.0.0-py3.12.egg-info/SOURCES.txt
/home/info/smartnav_ws/install/smartnav_core/lib/python3.12/site-packages/smartnav_core-2.0.0-py3.12.egg-info/requires.txt
/home/info/smartnav_ws/install/smartnav_core/lib/python3.12/site-packages/smartnav_core-2.0.0-py3.12.egg-info/PKG-INFO
/home/info/smartnav_ws/install/smartnav_core/lib/python3.12/site-packages/smartnav_core-2.0.0-py3.12.egg-info/entry_points.txt
/home/info/smartnav_ws/install/smartnav_core/lib/python3.12/site-packages/smartnav_core-2.0.0-py3.12.egg-info/zip-safe
/home/info/smartnav_ws/install/smartnav_core/lib/smartnav_core/battery_simulator
/home/info/smartnav_ws/install/smartnav_core/lib/smartnav_core/canne_feedback
/home/info/smartnav_ws/install/smartnav_core/lib/smartnav_core/cmd_vel_relay
/home/info/smartnav_ws/install/smartnav_core/lib/smartnav_core/crossing_monitor
/home/info/smartnav_ws/install/smartnav_core/lib/smartnav_core/metrics_recorder
/home/info/smartnav_ws/install/smartnav_core/lib/smartnav_core/obstacle_detector
/home/info/smartnav_ws/install/smartnav_core/lib/smartnav_core/patrol
/home/info/smartnav_ws/install/smartnav_core/lib/smartnav_core/rviz_alert_node
/home/info/smartnav_ws/install/smartnav_core/lib/smartnav_core/smartnav_navigator
