running develop
Removing /home/info/smartnav_ws/install/smartnav_core/lib/python3.12/site-packages/smartnav-core.egg-link (link to .)
running egg_info
writing ../../build/smartnav_core/smartnav_core.egg-info/PKG-INFO
writing dependency_links to ../../build/smartnav_core/smartnav_core.egg-info/dependency_links.txt
writing entry points to ../../build/smartnav_core/smartnav_core.egg-info/entry_points.txt
writing requirements to ../../build/smartnav_core/smartnav_core.egg-info/requires.txt
writing top-level names to ../../build/smartnav_core/smartnav_core.egg-info/top_level.txt
reading manifest file '../../build/smartnav_core/smartnav_core.egg-info/SOURCES.txt'
writing manifest file '../../build/smartnav_core/smartnav_core.egg-info/SOURCES.txt'
running build
running build_py
creating /home/info/smartnav_ws/build/smartnav_core/build
creating /home/info/smartnav_ws/build/smartnav_core/build/lib
creating /home/info/smartnav_ws/build/smartnav_core/build/lib/smartnav_core
copying smartnav_core/metrics_recorder_node.py -> /home/info/smartnav_ws/build/smartnav_core/build/lib/smartnav_core
copying smartnav_core/__init__.py -> /home/info/smartnav_ws/build/smartnav_core/build/lib/smartnav_core
copying smartnav_core/cmd_vel_relay.py -> /home/info/smartnav_ws/build/smartnav_core/build/lib/smartnav_core
copying smartnav_core/rviz_alert_node.py -> /home/info/smartnav_ws/build/smartnav_core/build/lib/smartnav_core
copying smartnav_core/crossing_monitor_node.py -> /home/info/smartnav_ws/build/smartnav_core/build/lib/smartnav_core
copying smartnav_core/battery_simulator_node.py -> /home/info/smartnav_ws/build/smartnav_core/build/lib/smartnav_core
copying smartnav_core/canne_feedback_node.py -> /home/info/smartnav_ws/build/smartnav_core/build/lib/smartnav_core
copying smartnav_core/smartnav_navigator.py -> /home/info/smartnav_ws/build/smartnav_core/build/lib/smartnav_core
copying smartnav_core/patrol.py -> /home/info/smartnav_ws/build/smartnav_core/build/lib/smartnav_core
copying smartnav_core/obstacle_detector.py -> /home/info/smartnav_ws/build/smartnav_core/build/lib/smartnav_core
running install
running install_lib
creating /home/info/smartnav_ws/install/smartnav_core/lib/python3.12/site-packages/smartnav_core
copying /home/info/smartnav_ws/build/smartnav_core/build/lib/smartnav_core/metrics_recorder_node.py -> /home/info/smartnav_ws/install/smartnav_core/lib/python3.12/site-packages/smartnav_core
copying /home/info/smartnav_ws/build/smartnav_core/build/lib/smartnav_core/__init__.py -> /home/info/smartnav_ws/install/smartnav_core/lib/python3.12/site-packages/smartnav_core
copying /home/info/smartnav_ws/build/smartnav_core/build/lib/smartnav_core/cmd_vel_relay.py -> /home/info/smartnav_ws/install/smartnav_core/lib/python3.12/site-packages/smartnav_core
copying /home/info/smartnav_ws/build/smartnav_core/build/lib/smartnav_core/rviz_alert_node.py -> /home/info/smartnav_ws/install/smartnav_core/lib/python3.12/site-packages/smartnav_core
copying /home/info/smartnav_ws/build/smartnav_core/build/lib/smartnav_core/crossing_monitor_node.py -> /home/info/smartnav_ws/install/smartnav_core/lib/python3.12/site-packages/smartnav_core
copying /home/info/smartnav_ws/build/smartnav_core/build/lib/smartnav_core/battery_simulator_node.py -> /home/info/smartnav_ws/install/smartnav_core/lib/python3.12/site-packages/smartnav_core
copying /home/info/smartnav_ws/build/smartnav_core/build/lib/smartnav_core/canne_feedback_node.py -> /home/info/smartnav_ws/install/smartnav_core/lib/python3.12/site-packages/smartnav_core
copying /home/info/smartnav_ws/build/smartnav_core/build/lib/smartnav_core/smartnav_navigator.py -> /home/info/smartnav_ws/install/smartnav_core/lib/python3.12/site-packages/smartnav_core
copying /home/info/smartnav_ws/build/smartnav_core/build/lib/smartnav_core/patrol.py -> /home/info/smartnav_ws/install/smartnav_core/lib/python3.12/site-packages/smartnav_core
copying /home/info/smartnav_ws/build/smartnav_core/build/lib/smartnav_core/obstacle_detector.py -> /home/info/smartnav_ws/install/smartnav_core/lib/python3.12/site-packages/smartnav_core
byte-compiling /home/info/smartnav_ws/install/smartnav_core/lib/python3.12/site-packages/smartnav_core/metrics_recorder_node.py to metrics_recorder_node.cpython-312.pyc
byte-compiling /home/info/smartnav_ws/install/smartnav_core/lib/python3.12/site-packages/smartnav_core/__init__.py to __init__.cpython-312.pyc
byte-compiling /home/info/smartnav_ws/install/smartnav_core/lib/python3.12/site-packages/smartnav_core/cmd_vel_relay.py to cmd_vel_relay.cpython-312.pyc
byte-compiling /home/info/smartnav_ws/install/smartnav_core/lib/python3.12/site-packages/smartnav_core/rviz_alert_node.py to rviz_alert_node.cpython-312.pyc
byte-compiling /home/info/smartnav_ws/install/smartnav_core/lib/python3.12/site-packages/smartnav_core/crossing_monitor_node.py to crossing_monitor_node.cpython-312.pyc
byte-compiling /home/info/smartnav_ws/install/smartnav_core/lib/python3.12/site-packages/smartnav_core/battery_simulator_node.py to battery_simulator_node.cpython-312.pyc
byte-compiling /home/info/smartnav_ws/install/smartnav_core/lib/python3.12/site-packages/smartnav_core/canne_feedback_node.py to canne_feedback_node.cpython-312.pyc
byte-compiling /home/info/smartnav_ws/install/smartnav_core/lib/python3.12/site-packages/smartnav_core/smartnav_navigator.py to smartnav_navigator.cpython-312.pyc
byte-compiling /home/info/smartnav_ws/install/smartnav_core/lib/python3.12/site-packages/smartnav_core/patrol.py to patrol.cpython-312.pyc
byte-compiling /home/info/smartnav_ws/install/smartnav_core/lib/python3.12/site-packages/smartnav_core/obstacle_detector.py to obstacle_detector.cpython-312.pyc
running install_data
copying resource/smartnav_core -> /home/info/smartnav_ws/install/smartnav_core/share/ament_index/resource_index/packages
copying package.xml -> /home/info/smartnav_ws/install/smartnav_core/share/smartnav_core
copying launch/start_simulation.launch.py -> /home/info/smartnav_ws/install/smartnav_core/share/smartnav_core/launch
copying config/smartnav_params.yaml -> /home/info/smartnav_ws/install/smartnav_core/share/smartnav_core/config
running install_egg_info
Copying ../../build/smartnav_core/smartnav_core.egg-info to /home/info/smartnav_ws/install/smartnav_core/lib/python3.12/site-packages/smartnav_core-2.0.0-py3.12.egg-info
running install_scripts
Installing battery_simulator script to /home/info/smartnav_ws/install/smartnav_core/lib/smartnav_core
Installing canne_feedback script to /home/info/smartnav_ws/install/smartnav_core/lib/smartnav_core
Installing cmd_vel_relay script to /home/info/smartnav_ws/install/smartnav_core/lib/smartnav_core
Installing crossing_monitor script to /home/info/smartnav_ws/install/smartnav_core/lib/smartnav_core
Installing metrics_recorder script to /home/info/smartnav_ws/install/smartnav_core/lib/smartnav_core
Installing obstacle_detector script to /home/info/smartnav_ws/install/smartnav_core/lib/smartnav_core
Installing patrol script to /home/info/smartnav_ws/install/smartnav_core/lib/smartnav_core
Installing rviz_alert_node script to /home/info/smartnav_ws/install/smartnav_core/lib/smartnav_core
Installing smartnav_navigator script to /home/info/smartnav_ws/install/smartnav_core/lib/smartnav_core
writing list of installed files to '/home/info/smartnav_ws/build/smartnav_core/install.log'
