[5.929s] Invoking command in '/home/info/smartnav_ws/build/smartnav_core': PYTHONPATH=/home/info/smartnav_ws/build/smartnav_core/prefix_override:/usr/lib/python3/dist-packages/colcon_core/task/python/colcon_distutils_commands:/home/info/smartnav_ws/install/smartnav_core/lib/python3.12/site-packages:${PYTHONPATH} /usr/bin/python3 -W ignore:setup.py install is deprecated -W ignore:easy_install command is deprecated setup.py develop --uninstall --editable --build-directory /home/info/smartnav_ws/build/smartnav_core/build
[7.140s] running develop
[7.970s] Removing /home/info/smartnav_ws/install/smartnav_core/lib/python3.12/site-packages/smartnav-core.egg-link (link to .)
[8.057s] Invoked command in '/home/info/smartnav_ws/build/smartnav_core' returned '0': PYTHONPATH=/home/info/smartnav_ws/build/smartnav_core/prefix_override:/usr/lib/python3/dist-packages/colcon_core/task/python/colcon_distutils_commands:/home/info/smartnav_ws/install/smartnav_core/lib/python3.12/site-packages:${PYTHONPATH} /usr/bin/python3 -W ignore:setup.py install is deprecated -W ignore:easy_install command is deprecated setup.py develop --uninstall --editable --build-directory /home/info/smartnav_ws/build/smartnav_core/build
[8.059s] Invoking command in '/home/info/smartnav_ws/src/smartnav_core': PYTHONPATH=/home/info/smartnav_ws/build/smartnav_core/prefix_override:/usr/lib/python3/dist-packages/colcon_core/task/python/colcon_distutils_commands:/home/info/smartnav_ws/install/smartnav_core/lib/python3.12/site-packages:${PYTHONPATH} /usr/bin/python3 -W ignore:setup.py install is deprecated -W ignore:easy_install command is deprecated setup.py egg_info --egg-base ../../build/smartnav_core build --build-base /home/info/smartnav_ws/build/smartnav_core/build install --record /home/info/smartnav_ws/build/smartnav_core/install.log --single-version-externally-managed install_data --force
[8.836s] running egg_info
[8.901s] writing ../../build/smartnav_core/smartnav_core.egg-info/PKG-INFO
[8.903s] writing dependency_links to ../../build/smartnav_core/smartnav_core.egg-info/dependency_links.txt
[8.905s] writing entry points to ../../build/smartnav_core/smartnav_core.egg-info/entry_points.txt
[8.908s] writing requirements to ../../build/smartnav_core/smartnav_core.egg-info/requires.txt
[8.909s] writing top-level names to ../../build/smartnav_core/smartnav_core.egg-info/top_level.txt
[9.043s] reading manifest file '../../build/smartnav_core/smartnav_core.egg-info/SOURCES.txt'
[9.045s] writing manifest file '../../build/smartnav_core/smartnav_core.egg-info/SOURCES.txt'
[9.050s] running build
[9.050s] running build_py
[9.050s] creating /home/info/smartnav_ws/build/smartnav_core/build
[9.055s] creating /home/info/smartnav_ws/build/smartnav_core/build/lib
[9.055s] creating /home/info/smartnav_ws/build/smartnav_core/build/lib/smartnav_core
[9.056s] copying smartnav_core/metrics_recorder_node.py -> /home/info/smartnav_ws/build/smartnav_core/build/lib/smartnav_core
[9.056s] copying smartnav_core/__init__.py -> /home/info/smartnav_ws/build/smartnav_core/build/lib/smartnav_core
[9.058s] copying smartnav_core/cmd_vel_relay.py -> /home/info/smartnav_ws/build/smartnav_core/build/lib/smartnav_core
[9.059s] copying smartnav_core/rviz_alert_node.py -> /home/info/smartnav_ws/build/smartnav_core/build/lib/smartnav_core
[9.061s] copying smartnav_core/crossing_monitor_node.py -> /home/info/smartnav_ws/build/smartnav_core/build/lib/smartnav_core
[9.063s] copying smartnav_core/battery_simulator_node.py -> /home/info/smartnav_ws/build/smartnav_core/build/lib/smartnav_core
[9.064s] copying smartnav_core/canne_feedback_node.py -> /home/info/smartnav_ws/build/smartnav_core/build/lib/smartnav_core
[9.067s] copying smartnav_core/smartnav_navigator.py -> /home/info/smartnav_ws/build/smartnav_core/build/lib/smartnav_core
[9.068s] copying smartnav_core/patrol.py -> /home/info/smartnav_ws/build/smartnav_core/build/lib/smartnav_core
[9.070s] copying smartnav_core/obstacle_detector.py -> /home/info/smartnav_ws/build/smartnav_core/build/lib/smartnav_core
[9.072s] running install
[9.091s] running install_lib
[9.159s] creating /home/info/smartnav_ws/install/smartnav_core/lib/python3.12/site-packages/smartnav_core
[9.160s] copying /home/info/smartnav_ws/build/smartnav_core/build/lib/smartnav_core/metrics_recorder_node.py -> /home/info/smartnav_ws/install/smartnav_core/lib/python3.12/site-packages/smartnav_core
[9.161s] copying /home/info/smartnav_ws/build/smartnav_core/build/lib/smartnav_core/__init__.py -> /home/info/smartnav_ws/install/smartnav_core/lib/python3.12/site-packages/smartnav_core
[9.162s] copying /home/info/smartnav_ws/build/smartnav_core/build/lib/smartnav_core/cmd_vel_relay.py -> /home/info/smartnav_ws/install/smartnav_core/lib/python3.12/site-packages/smartnav_core
[9.163s] copying /home/info/smartnav_ws/build/smartnav_core/build/lib/smartnav_core/rviz_alert_node.py -> /home/info/smartnav_ws/install/smartnav_core/lib/python3.12/site-packages/smartnav_core
[9.164s] copying /home/info/smartnav_ws/build/smartnav_core/build/lib/smartnav_core/crossing_monitor_node.py -> /home/info/smartnav_ws/install/smartnav_core/lib/python3.12/site-packages/smartnav_core
[9.166s] copying /home/info/smartnav_ws/build/smartnav_core/build/lib/smartnav_core/battery_simulator_node.py -> /home/info/smartnav_ws/install/smartnav_core/lib/python3.12/site-packages/smartnav_core
[9.168s] copying /home/info/smartnav_ws/build/smartnav_core/build/lib/smartnav_core/canne_feedback_node.py -> /home/info/smartnav_ws/install/smartnav_core/lib/python3.12/site-packages/smartnav_core
[9.169s] copying /home/info/smartnav_ws/build/smartnav_core/build/lib/smartnav_core/smartnav_navigator.py -> /home/info/smartnav_ws/install/smartnav_core/lib/python3.12/site-packages/smartnav_core
[9.171s] copying /home/info/smartnav_ws/build/smartnav_core/build/lib/smartnav_core/patrol.py -> /home/info/smartnav_ws/install/smartnav_core/lib/python3.12/site-packages/smartnav_core
[9.172s] copying /home/info/smartnav_ws/build/smartnav_core/build/lib/smartnav_core/obstacle_detector.py -> /home/info/smartnav_ws/install/smartnav_core/lib/python3.12/site-packages/smartnav_core
[9.173s] byte-compiling /home/info/smartnav_ws/install/smartnav_core/lib/python3.12/site-packages/smartnav_core/metrics_recorder_node.py to metrics_recorder_node.cpython-312.pyc
[9.179s] byte-compiling /home/info/smartnav_ws/install/smartnav_core/lib/python3.12/site-packages/smartnav_core/__init__.py to __init__.cpython-312.pyc
[9.180s] byte-compiling /home/info/smartnav_ws/install/smartnav_core/lib/python3.12/site-packages/smartnav_core/cmd_vel_relay.py to cmd_vel_relay.cpython-312.pyc
[9.183s] byte-compiling /home/info/smartnav_ws/install/smartnav_core/lib/python3.12/site-packages/smartnav_core/rviz_alert_node.py to rviz_alert_node.cpython-312.pyc
[9.191s] byte-compiling /home/info/smartnav_ws/install/smartnav_core/lib/python3.12/site-packages/smartnav_core/crossing_monitor_node.py to crossing_monitor_node.cpython-312.pyc
[9.206s] byte-compiling /home/info/smartnav_ws/install/smartnav_core/lib/python3.12/site-packages/smartnav_core/battery_simulator_node.py to battery_simulator_node.cpython-312.pyc
[9.206s] byte-compiling /home/info/smartnav_ws/install/smartnav_core/lib/python3.12/site-packages/smartnav_core/canne_feedback_node.py to canne_feedback_node.cpython-312.pyc
[9.214s] byte-compiling /home/info/smartnav_ws/install/smartnav_core/lib/python3.12/site-packages/smartnav_core/smartnav_navigator.py to smartnav_navigator.cpython-312.pyc
[9.232s] byte-compiling /home/info/smartnav_ws/install/smartnav_core/lib/python3.12/site-packages/smartnav_core/patrol.py to patrol.cpython-312.pyc
[9.235s] byte-compiling /home/info/smartnav_ws/install/smartnav_core/lib/python3.12/site-packages/smartnav_core/obstacle_detector.py to obstacle_detector.cpython-312.pyc
[9.242s] running install_data
[9.251s] copying resource/smartnav_core -> /home/info/smartnav_ws/install/smartnav_core/share/ament_index/resource_index/packages
[9.254s] copying package.xml -> /home/info/smartnav_ws/install/smartnav_core/share/smartnav_core
[9.256s] copying launch/start_simulation.launch.py -> /home/info/smartnav_ws/install/smartnav_core/share/smartnav_core/launch
[9.269s] copying config/smartnav_params.yaml -> /home/info/smartnav_ws/install/smartnav_core/share/smartnav_core/config
[9.273s] running install_egg_info
[9.318s] Copying ../../build/smartnav_core/smartnav_core.egg-info to /home/info/smartnav_ws/install/smartnav_core/lib/python3.12/site-packages/smartnav_core-2.0.0-py3.12.egg-info
[9.324s] running install_scripts
[9.589s] Installing battery_simulator script to /home/info/smartnav_ws/install/smartnav_core/lib/smartnav_core
[9.590s] Installing canne_feedback script to /home/info/smartnav_ws/install/smartnav_core/lib/smartnav_core
[9.591s] Installing cmd_vel_relay script to /home/info/smartnav_ws/install/smartnav_core/lib/smartnav_core
[9.592s] Installing crossing_monitor script to /home/info/smartnav_ws/install/smartnav_core/lib/smartnav_core
[9.592s] Installing metrics_recorder script to /home/info/smartnav_ws/install/smartnav_core/lib/smartnav_core
[9.593s] Installing obstacle_detector script to /home/info/smartnav_ws/install/smartnav_core/lib/smartnav_core
[9.594s] Installing patrol script to /home/info/smartnav_ws/install/smartnav_core/lib/smartnav_core
[9.594s] Installing rviz_alert_node script to /home/info/smartnav_ws/install/smartnav_core/lib/smartnav_core
[9.595s] Installing smartnav_navigator script to /home/info/smartnav_ws/install/smartnav_core/lib/smartnav_core
[9.596s] writing list of installed files to '/home/info/smartnav_ws/build/smartnav_core/install.log'
[9.673s] Invoked command in '/home/info/smartnav_ws/src/smartnav_core' returned '0': PYTHONPATH=/home/info/smartnav_ws/build/smartnav_core/prefix_override:/usr/lib/python3/dist-packages/colcon_core/task/python/colcon_distutils_commands:/home/info/smartnav_ws/install/smartnav_core/lib/python3.12/site-packages:${PYTHONPATH} /usr/bin/python3 -W ignore:setup.py install is deprecated -W ignore:easy_install command is deprecated setup.py egg_info --egg-base ../../build/smartnav_core build --build-base /home/info/smartnav_ws/build/smartnav_core/build install --record /home/info/smartnav_ws/build/smartnav_core/install.log --single-version-externally-managed install_data --force
