-- The C compiler identification is GNU 13.3.0
-- The CXX compiler identification is GNU 13.3.0
-- Detecting C compiler ABI info
-- Detecting C compiler ABI info - done
-- Check for working C compiler: /usr/bin/cc - skipped
-- Detecting C compile features
-- Detecting C compile features - done
-- Detecting CXX compiler ABI info
-- Detecting CXX compiler ABI info - done
-- Check for working CXX compiler: /usr/bin/c++ - skipped
-- Detecting CXX compile features
-- Detecting CXX compile features - done
-- Found ament_cmake: 2.5.5 (/opt/ros/jazzy/share/ament_cmake/cmake)
-- Found Python3: /usr/bin/python3 (found version "3.12.3") found components: Interpreter 
-- Override CMake install command with custom implementation using symlinks instead of copying resources
-- Found ament_lint_auto: 0.17.4 (/opt/ros/jazzy/share/ament_lint_auto/cmake)
-- Added test 'flake8' to check Python code syntax and style conventions
-- Configured 'flake8' exclude dirs and/or files: 
-- Added test 'lint_cmake' to check CMake code style
-- Added test 'pep257' to check Python code against some of the docstring style conventions in PEP 257
-- Added test 'xmllint' to check XML markup files
-- Configuring done (25.1s)
-- Generating done (0.3s)
-- Build files have been written to: /home/info/smartnav_ws/build/smartnav_gazebo
-- Install configuration: ""
-- Execute custom install script
-- Symlinking: /home/info/smartnav_ws/install/smartnav_gazebo/share/ament_index/resource_index/package_run_dependencies/smartnav_gazebo
-- Symlinking: /home/info/smartnav_ws/install/smartnav_gazebo/share/ament_index/resource_index/parent_prefix_path/smartnav_gazebo
-- Symlinking: /home/info/smartnav_ws/install/smartnav_gazebo/share/smartnav_gazebo/environment/ament_prefix_path.sh
-- Symlinking: /home/info/smartnav_ws/install/smartnav_gazebo/share/smartnav_gazebo/environment/ament_prefix_path.dsv
-- Symlinking: /home/info/smartnav_ws/install/smartnav_gazebo/share/smartnav_gazebo/environment/path.sh
-- Symlinking: /home/info/smartnav_ws/install/smartnav_gazebo/share/smartnav_gazebo/environment/path.dsv
-- Symlinking: /home/info/smartnav_ws/install/smartnav_gazebo/share/smartnav_gazebo/local_setup.bash
-- Symlinking: /home/info/smartnav_ws/install/smartnav_gazebo/share/smartnav_gazebo/local_setup.sh
-- Symlinking: /home/info/smartnav_ws/install/smartnav_gazebo/share/smartnav_gazebo/local_setup.zsh
-- Symlinking: /home/info/smartnav_ws/install/smartnav_gazebo/share/smartnav_gazebo/local_setup.dsv
-- Symlinking: /home/info/smartnav_ws/install/smartnav_gazebo/share/smartnav_gazebo/package.dsv
-- Symlinking: /home/info/smartnav_ws/install/smartnav_gazebo/share/ament_index/resource_index/packages/smartnav_gazebo
-- Symlinking: /home/info/smartnav_ws/install/smartnav_gazebo/share/smartnav_gazebo/cmake/smartnav_gazeboConfig.cmake
-- Symlinking: /home/info/smartnav_ws/install/smartnav_gazebo/share/smartnav_gazebo/cmake/smartnav_gazeboConfig-version.cmake
-- Symlinking: /home/info/smartnav_ws/install/smartnav_gazebo/share/smartnav_gazebo/package.xml
-- Symlinking: /home/info/smartnav_ws/install/smartnav_gazebo/share/smartnav_gazebo/worlds/city.world
-- Symlinking: /home/info/smartnav_ws/install/smartnav_gazebo/share/smartnav_gazebo/worlds/reset_cars.sh
-- Symlinking: /home/info/smartnav_ws/install/smartnav_gazebo/share/smartnav_gazebo/worlds/reset_cars_loop.py
-- Symlinking: /home/info/smartnav_ws/install/smartnav_gazebo/share/smartnav_gazebo/worlds/smartnav.world
-- Symlinking: /home/info/smartnav_ws/install/smartnav_gazebo/share/smartnav_gazebo/worlds/walk_blind_person.sh
