[4.396s] Invoking command in '/home/info/smartnav_ws/build/smartnav_gazebo': CMAKE_PREFIX_PATH=${CMAKE_PREFIX_PATH}:/home/info/smartnav_ws/src/install/smartnav_core:/opt/ros/jazzy /usr/bin/cmake /home/info/smartnav_ws/src/smartnav_gazebo -DAMENT_CMAKE_SYMLINK_INSTALL=1 -DCMAKE_INSTALL_PREFIX=/home/info/smartnav_ws/install/smartnav_gazebo
[8.627s] -- The C compiler identification is GNU 13.3.0
[14.654s] -- The CXX compiler identification is GNU 13.3.0
[19.584s] -- Detecting C compiler ABI info
[21.557s] -- Detecting C compiler ABI info - done
[21.649s] -- Check for working C compiler: /usr/bin/cc - skipped
[21.650s] -- Detecting C compile features
[21.651s] -- Detecting C compile features - done
[22.090s] -- Detecting CXX compiler ABI info
[23.514s] -- Detecting CXX compiler ABI info - done
[23.595s] -- Check for working CXX compiler: /usr/bin/c++ - skipped
[23.595s] -- Detecting CXX compile features
[23.596s] -- Detecting CXX compile features - done
[23.797s] -- Found ament_cmake: 2.5.5 (/opt/ros/jazzy/share/ament_cmake/cmake)
[24.993s] -- Found Python3: /usr/bin/python3 (found version "3.12.3") found components: Interpreter 
[27.371s] -- Override CMake install command with custom implementation using symlinks instead of copying resources
[28.263s] -- Found ament_lint_auto: 0.17.4 (/opt/ros/jazzy/share/ament_lint_auto/cmake)
[30.036s] -- Added test 'flake8' to check Python code syntax and style conventions
[30.036s] -- Configured 'flake8' exclude dirs and/or files: 
[30.088s] -- Added test 'lint_cmake' to check CMake code style
[30.230s] -- Added test 'pep257' to check Python code against some of the docstring style conventions in PEP 257
[30.260s] -- Added test 'xmllint' to check XML markup files
[30.555s] -- Configuring done (25.1s)
[30.908s] -- Generating done (0.3s)
[30.954s] -- Build files have been written to: /home/info/smartnav_ws/build/smartnav_gazebo
[31.024s] Invoked command in '/home/info/smartnav_ws/build/smartnav_gazebo' returned '0': CMAKE_PREFIX_PATH=${CMAKE_PREFIX_PATH}:/home/info/smartnav_ws/src/install/smartnav_core:/opt/ros/jazzy /usr/bin/cmake /home/info/smartnav_ws/src/smartnav_gazebo -DAMENT_CMAKE_SYMLINK_INSTALL=1 -DCMAKE_INSTALL_PREFIX=/home/info/smartnav_ws/install/smartnav_gazebo
[31.027s] Invoking command in '/home/info/smartnav_ws/build/smartnav_gazebo': CMAKE_PREFIX_PATH=${CMAKE_PREFIX_PATH}:/home/info/smartnav_ws/src/install/smartnav_core:/opt/ros/jazzy /usr/bin/cmake --build /home/info/smartnav_ws/build/smartnav_gazebo -- -j4 -l4
[31.284s] Invoked command in '/home/info/smartnav_ws/build/smartnav_gazebo' returned '0': CMAKE_PREFIX_PATH=${CMAKE_PREFIX_PATH}:/home/info/smartnav_ws/src/install/smartnav_core:/opt/ros/jazzy /usr/bin/cmake --build /home/info/smartnav_ws/build/smartnav_gazebo -- -j4 -l4
[31.363s] Invoking command in '/home/info/smartnav_ws/build/smartnav_gazebo': CMAKE_PREFIX_PATH=${CMAKE_PREFIX_PATH}:/home/info/smartnav_ws/src/install/smartnav_core:/opt/ros/jazzy /usr/bin/cmake --install /home/info/smartnav_ws/build/smartnav_gazebo
[31.393s] -- Install configuration: ""
[31.404s] -- Execute custom install script
[31.407s] -- Symlinking: /home/info/smartnav_ws/install/smartnav_gazebo/share/ament_index/resource_index/package_run_dependencies/smartnav_gazebo
[31.477s] -- Symlinking: /home/info/smartnav_ws/install/smartnav_gazebo/share/ament_index/resource_index/parent_prefix_path/smartnav_gazebo
[31.527s] -- Symlinking: /home/info/smartnav_ws/install/smartnav_gazebo/share/smartnav_gazebo/environment/ament_prefix_path.sh
[31.594s] -- Symlinking: /home/info/smartnav_ws/install/smartnav_gazebo/share/smartnav_gazebo/environment/ament_prefix_path.dsv
[31.643s] -- Symlinking: /home/info/smartnav_ws/install/smartnav_gazebo/share/smartnav_gazebo/environment/path.sh
[31.700s] -- Symlinking: /home/info/smartnav_ws/install/smartnav_gazebo/share/smartnav_gazebo/environment/path.dsv
[31.753s] -- Symlinking: /home/info/smartnav_ws/install/smartnav_gazebo/share/smartnav_gazebo/local_setup.bash
[31.807s] -- Symlinking: /home/info/smartnav_ws/install/smartnav_gazebo/share/smartnav_gazebo/local_setup.sh
[31.856s] -- Symlinking: /home/info/smartnav_ws/install/smartnav_gazebo/share/smartnav_gazebo/local_setup.zsh
[31.912s] -- Symlinking: /home/info/smartnav_ws/install/smartnav_gazebo/share/smartnav_gazebo/local_setup.dsv
[31.974s] -- Symlinking: /home/info/smartnav_ws/install/smartnav_gazebo/share/smartnav_gazebo/package.dsv
[32.030s] -- Symlinking: /home/info/smartnav_ws/install/smartnav_gazebo/share/ament_index/resource_index/packages/smartnav_gazebo
[32.081s] -- Symlinking: /home/info/smartnav_ws/install/smartnav_gazebo/share/smartnav_gazebo/cmake/smartnav_gazeboConfig.cmake
[32.136s] -- Symlinking: /home/info/smartnav_ws/install/smartnav_gazebo/share/smartnav_gazebo/cmake/smartnav_gazeboConfig-version.cmake
[32.191s] -- Symlinking: /home/info/smartnav_ws/install/smartnav_gazebo/share/smartnav_gazebo/package.xml
[32.255s] -- Symlinking: /home/info/smartnav_ws/install/smartnav_gazebo/share/smartnav_gazebo/worlds/city.world
[32.293s] -- Symlinking: /home/info/smartnav_ws/install/smartnav_gazebo/share/smartnav_gazebo/worlds/reset_cars.sh
[32.358s] -- Symlinking: /home/info/smartnav_ws/install/smartnav_gazebo/share/smartnav_gazebo/worlds/reset_cars_loop.py
[32.413s] -- Symlinking: /home/info/smartnav_ws/install/smartnav_gazebo/share/smartnav_gazebo/worlds/smartnav.world
[32.483s] -- Symlinking: /home/info/smartnav_ws/install/smartnav_gazebo/share/smartnav_gazebo/worlds/walk_blind_person.sh
[32.600s] Invoked command in '/home/info/smartnav_ws/build/smartnav_gazebo' returned '0': CMAKE_PREFIX_PATH=${CMAKE_PREFIX_PATH}:/home/info/smartnav_ws/src/install/smartnav_core:/opt/ros/jazzy /usr/bin/cmake --install /home/info/smartnav_ws/build/smartnav_gazebo
